{"C:\\Users\\Milan\\source\\repos\\react-crud-master\\src\\rootReducer.ts": {"path":"C:\\Users\\Milan\\source\\repos\\react-crud-master\\src\\rootReducer.ts","statementMap":{"0":{"start":{"line":1,"column":0},"end":{"line":1,"column":39}},"1":{"start":{"line":2,"column":0},"end":{"line":2,"column":91}},"2":{"start":{"line":3,"column":0},"end":{"line":3,"column":73}},"3":{"start":{"line":4,"column":0},"end":{"line":4,"column":85}},"4":{"start":{"line":5,"column":0},"end":{"line":5,"column":97}},"5":{"start":{"line":8,"column":13},"end":{"line":13,"column":null}}},"fnMap":{},"branchMap":{},"s":{"0":1,"1":1,"2":1,"3":1,"4":1,"5":1},"f":{},"b":{}}
,"C:\\Users\\Milan\\source\\repos\\react-crud-master\\src\\actions\\actionNamespaces.ts": {"path":"C:\\Users\\Milan\\source\\repos\\react-crud-master\\src\\actions\\actionNamespaces.ts","statementMap":{"0":{"start":{"line":1,"column":13},"end":{"line":1,"column":null}},"1":{"start":{"line":2,"column":13},"end":{"line":2,"column":null}},"2":{"start":{"line":3,"column":13},"end":{"line":3,"column":null}},"3":{"start":{"line":4,"column":13},"end":{"line":4,"column":null}}},"fnMap":{},"branchMap":{},"s":{"0":1,"1":1,"2":1,"3":1},"f":{},"b":{}}
,"C:\\Users\\Milan\\source\\repos\\react-crud-master\\src\\components\\contexMenu.css": {"path":"C:\\Users\\Milan\\source\\repos\\react-crud-master\\src\\components\\contexMenu.css","statementMap":{"0":{"start":{"line":4,"column":17},"end":{"line":4,"column":550}},"1":{"start":{"line":6,"column":4},"end":{"line":27,"column":5}},"2":{"start":{"line":7,"column":8},"end":{"line":9,"column":11}},"3":{"start":{"line":10,"column":8},"end":{"line":21,"column":11}},"4":{"start":{"line":12,"column":16},"end":{"line":14,"column":17}},"5":{"start":{"line":13,"column":20},"end":{"line":13,"column":34}},"6":{"start":{"line":15,"column":16},"end":{"line":15,"column":36}},"7":{"start":{"line":19,"column":16},"end":{"line":19,"column":30}},"8":{"start":{"line":23,"column":8},"end":{"line":25,"column":11}},"9":{"start":{"line":26,"column":8},"end":{"line":26,"column":31}}},"fnMap":{"0":{"name":"(anonymous_0)","decl":{"start":{"line":11,"column":12},"end":{"line":11,"column":13}},"loc":{"start":{"line":11,"column":30},"end":{"line":16,"column":13}},"line":11},"1":{"name":"(anonymous_1)","decl":{"start":{"line":18,"column":12},"end":{"line":18,"column":13}},"loc":{"start":{"line":18,"column":29},"end":{"line":20,"column":13}},"line":18}},"branchMap":{"0":{"loc":{"start":{"line":6,"column":4},"end":{"line":27,"column":5}},"type":"if","locations":[{"start":{"line":6,"column":4},"end":{"line":27,"column":5}},{"start":{"line":6,"column":4},"end":{"line":27,"column":5}}],"line":6},"1":{"loc":{"start":{"line":6,"column":8},"end":{"line":6,"column":44}},"type":"binary-expr","locations":[{"start":{"line":6,"column":8},"end":{"line":6,"column":34}},{"start":{"line":6,"column":38},"end":{"line":6,"column":44}}],"line":6},"2":{"loc":{"start":{"line":12,"column":16},"end":{"line":14,"column":17}},"type":"if","locations":[{"start":{"line":12,"column":16},"end":{"line":14,"column":17}},{"start":{"line":12,"column":16},"end":{"line":14,"column":17}}],"line":12}},"s":{"0":1,"1":1,"2":1,"3":1,"4":0,"5":0,"6":0,"7":0,"8":0,"9":0},"f":{"0":0,"1":0},"b":{"0":[1,0],"1":[1,1],"2":[0,0]},"_coverageSchema":"43e27e138ebf9cfc5966b082cf9a028302ed4184","hash":"56d68db10cf01843708de1f6a759dedf89761b51"}
,"C:\\Users\\Milan\\source\\repos\\react-crud-master\\src\\components\\colMenuModal\\colMenuModal.actions.ts": {"path":"C:\\Users\\Milan\\source\\repos\\react-crud-master\\src\\components\\colMenuModal\\colMenuModal.actions.ts","statementMap":{"0":{"start":{"line":1,"column":0},"end":{"line":1,"column":90}},"1":{"start":{"line":3,"column":0},"end":{"line":3,"column":64}},"2":{"start":{"line":9,"column":18},"end":{"line":9,"column":32}},"3":{"start":{"line":12,"column":4},"end":{"line":18,"column":null}},"4":{"start":{"line":11,"column":0},"end":{"line":11,"column":16}},"5":{"start":{"line":22,"column":4},"end":{"line":26,"column":null}},"6":{"start":{"line":21,"column":0},"end":{"line":21,"column":16}}},"fnMap":{"0":{"name":"openModal","decl":{"start":{"line":11,"column":16},"end":{"line":11,"column":25}},"loc":{"start":{"line":11,"column":43},"end":{"line":19,"column":1}}},"1":{"name":"closeModal","decl":{"start":{"line":21,"column":16},"end":{"line":21,"column":26}},"loc":{"start":{"line":21,"column":26},"end":{"line":27,"column":1}}}},"branchMap":{},"s":{"0":1,"1":1,"2":1,"3":0,"4":1,"5":0,"6":1},"f":{"0":0,"1":0},"b":{}}
,"C:\\Users\\Milan\\source\\repos\\react-crud-master\\src\\components\\colMenuModal\\colMenuModal.component.tsx": {"path":"C:\\Users\\Milan\\source\\repos\\react-crud-master\\src\\components\\colMenuModal\\colMenuModal.component.tsx","statementMap":{"0":{"start":{"line":1,"column":0},"end":{"line":1,"column":65}},"1":{"start":{"line":2,"column":0},"end":{"line":2,"column":null}},"2":{"start":{"line":7,"column":0},"end":{"line":7,"column":27}},"3":{"start":{"line":8,"column":0},"end":{"line":8,"column":48}},"4":{"start":{"line":10,"column":0},"end":{"line":10,"column":47}},"5":{"start":{"line":16,"column":0},"end":{"line":16,"column":163}},"6":{"start":{"line":17,"column":0},"end":{"line":17,"column":61}},"7":{"start":{"line":20,"column":0},"end":{"line":20,"column":83}},"8":{"start":{"line":20,"column":36},"end":{"line":20,"column":45}},"9":{"start":{"line":22,"column":8},"end":{"line":22,"column":null}},"10":{"start":{"line":26,"column":4},"end":{"line":28,"column":6}},"11":{"start":{"line":23,"column":8},"end":{"line":23,"column":36}},"12":{"start":{"line":30,"column":4},"end":{"line":52,"column":null}},"13":{"start":{"line":31,"column":8},"end":{"line":51,"column":10}},"14":{"start":{"line":53,"column":0},"end":{"line":53,"column":null}},"15":{"start":{"line":57,"column":27},"end":{"line":61,"column":1}},"16":{"start":{"line":58,"column":4},"end":{"line":60,"column":6}},"17":{"start":{"line":59,"column":33},"end":{"line":59,"column":null}},"18":{"start":{"line":63,"column":24},"end":{"line":68,"column":1}},"19":{"start":{"line":64,"column":4},"end":{"line":67,"column":32}},"20":{"start":{"line":70,"column":0},"end":{"line":70,"column":166}}},"fnMap":{"0":{"name":"(anonymous_7)","decl":{"start":{"line":20,"column":0},"end":{"line":20,"column":36}},"loc":{"start":{"line":20,"column":0},"end":{"line":53,"column":null}}},"1":{"name":"ColMenuModalComponent","decl":{"start":{"line":21,"column":4},"end":{"line":21,"column":16}},"loc":{"start":{"line":21,"column":40},"end":{"line":24,"column":5}}},"2":{"name":"(anonymous_9)","decl":{"start":{"line":26,"column":24},"end":{"line":26,"column":null}},"loc":{"start":{"line":26,"column":24},"end":{"line":28,"column":5}}},"3":{"name":"(anonymous_10)","decl":{"start":{"line":30,"column":4},"end":{"line":30,"column":10}},"loc":{"start":{"line":30,"column":4},"end":{"line":52,"column":5}}},"4":{"name":"(anonymous_11)","decl":{"start":{"line":57,"column":27},"end":{"line":57,"column":28}},"loc":{"start":{"line":57,"column":96},"end":{"line":61,"column":1}}},"5":{"name":"(anonymous_12)","decl":{"start":{"line":59,"column":27},"end":{"line":59,"column":33}},"loc":{"start":{"line":59,"column":27},"end":{"line":59,"column":41}}},"6":{"name":"(anonymous_13)","decl":{"start":{"line":63,"column":24},"end":{"line":63,"column":25}},"loc":{"start":{"line":63,"column":69},"end":{"line":68,"column":1}}}},"branchMap":{"0":{"loc":{"start":{"line":22,"column":8},"end":{"line":22,"column":20}},"type":"binary-expr","locations":[{"start":{"line":22,"column":8},"end":{"line":22,"column":20}},{"start":{"line":22,"column":20},"end":{"line":22,"column":null}}]},"1":{"loc":{"start":{"line":41,"column":25},"end":{"line":41,"column":44}},"type":"binary-expr","locations":[{"start":{"line":41,"column":25},"end":{"line":41,"column":44}},{"start":{"line":41,"column":48},"end":{"line":41,"column":72}}]},"2":{"loc":{"start":{"line":45,"column":33},"end":{"line":45,"column":52}},"type":"binary-expr","locations":[{"start":{"line":45,"column":33},"end":{"line":45,"column":52}},{"start":{"line":45,"column":56},"end":{"line":45,"column":81}}]}},"s":{"0":1,"1":1,"2":1,"3":1,"4":1,"5":1,"6":1,"7":1,"8":1,"9":4,"10":4,"11":4,"12":1,"13":4,"14":1,"15":1,"16":4,"17":0,"18":1,"19":8,"20":1},"f":{"0":1,"1":4,"2":4,"3":4,"4":4,"5":0,"6":8},"b":{"0":[4,4],"1":[4,4],"2":[4,4]}}
,"C:\\Users\\Milan\\source\\repos\\react-crud-master\\src\\components\\colMenuModal\\colMenuModal.reducer.ts": {"path":"C:\\Users\\Milan\\source\\repos\\react-crud-master\\src\\components\\colMenuModal\\colMenuModal.reducer.ts","statementMap":{"0":{"start":{"line":1,"column":0},"end":{"line":1,"column":163}},"1":{"start":{"line":4,"column":0},"end":{"line":4,"column":64}},"2":{"start":{"line":7,"column":4},"end":{"line":7,"column":null}},"3":{"start":{"line":10,"column":4},"end":{"line":11,"column":21}},"4":{"start":{"line":11,"column":8},"end":{"line":11,"column":21}},"5":{"start":{"line":13,"column":4},"end":{"line":27,"column":null}},"6":{"start":{"line":16,"column":49},"end":{"line":16,"column":55}},"7":{"start":{"line":18,"column":12},"end":{"line":18,"column":105}},"8":{"start":{"line":22,"column":12},"end":{"line":22,"column":83}},"9":{"start":{"line":26,"column":12},"end":{"line":26,"column":null}},"10":{"start":{"line":6,"column":0},"end":{"line":6,"column":16}}},"fnMap":{"0":{"name":"ColMenuModalReducer","decl":{"start":{"line":6,"column":16},"end":{"line":6,"column":35}},"loc":{"start":{"line":8,"column":34},"end":{"line":28,"column":1}}}},"branchMap":{"0":{"loc":{"start":{"line":7,"column":4},"end":{"line":7,"column":null}},"type":"if","locations":[{"start":{"line":7,"column":4},"end":{"line":7,"column":null}},{"start":{"line":7,"column":4},"end":{"line":7,"column":null}}]},"1":{"loc":{"start":{"line":10,"column":4},"end":{"line":11,"column":21}},"type":"if","locations":[{"start":{"line":10,"column":4},"end":{"line":11,"column":21}},{"start":{"line":10,"column":4},"end":{"line":11,"column":21}}]},"2":{"loc":{"start":{"line":15,"column":8},"end":{"line":19,"column":null}},"type":"switch","locations":[{"start":{"line":15,"column":8},"end":{"line":19,"column":null}},{"start":{"line":21,"column":8},"end":{"line":23,"column":null}},{"start":{"line":25,"column":8},"end":{"line":26,"column":null}}]}},"s":{"0":1,"1":1,"2":37,"3":31,"4":31,"5":0,"6":0,"7":0,"8":0,"9":0,"10":1},"f":{"0":31},"b":{"0":[6,25],"1":[31,0],"2":[0,0,0]}}
,"C:\\Users\\Milan\\source\\repos\\react-crud-master\\src\\components\\colMenuModal\\colMenuModal.types.ts": {"path":"C:\\Users\\Milan\\source\\repos\\react-crud-master\\src\\components\\colMenuModal\\colMenuModal.types.ts","statementMap":{"0":{"start":{"line":1,"column":0},"end":{"line":1,"column":48}},"1":{"start":{"line":4,"column":13},"end":{"line":7,"column":null}},"2":{"start":{"line":27,"column":13},"end":{"line":31,"column":null}},"3":{"start":{"line":28,"column":2},"end":{"line":30,"column":null}},"4":{"start":{"line":36,"column":13},"end":{"line":41,"column":2}},"5":{"start":{"line":37,"column":2},"end":{"line":40,"column":null}}},"fnMap":{"0":{"name":"(anonymous_0)","decl":{"start":{"line":27,"column":28},"end":{"line":27,"column":null}},"loc":{"start":{"line":27,"column":28},"end":{"line":31,"column":1}}},"1":{"name":"(anonymous_1)","decl":{"start":{"line":36,"column":45},"end":{"line":36,"column":null}},"loc":{"start":{"line":36,"column":45},"end":{"line":41,"column":1}}}},"branchMap":{},"s":{"0":2,"1":2,"2":2,"3":4,"4":2,"5":6},"f":{"0":4,"1":6},"b":{}}
,"C:\\Users\\Milan\\source\\repos\\react-crud-master\\src\\components\\contextMenuModal\\contextMenuModal.actions.ts": {"path":"C:\\Users\\Milan\\source\\repos\\react-crud-master\\src\\components\\contextMenuModal\\contextMenuModal.actions.ts","statementMap":{"0":{"start":{"line":1,"column":0},"end":{"line":1,"column":102}},"1":{"start":{"line":3,"column":0},"end":{"line":3,"column":68}},"2":{"start":{"line":9,"column":18},"end":{"line":9,"column":36}},"3":{"start":{"line":12,"column":4},"end":{"line":18,"column":null}},"4":{"start":{"line":11,"column":0},"end":{"line":11,"column":16}}},"fnMap":{"0":{"name":"setContextMenuTriggerRef","decl":{"start":{"line":11,"column":16},"end":{"line":11,"column":40}},"loc":{"start":{"line":11,"column":46},"end":{"line":19,"column":1}}}},"branchMap":{},"s":{"0":1,"1":1,"2":1,"3":8,"4":1},"f":{"0":8},"b":{}}
,"C:\\Users\\Milan\\source\\repos\\react-crud-master\\src\\components\\contextMenuModal\\contextMenuModal.component.tsx": {"path":"C:\\Users\\Milan\\source\\repos\\react-crud-master\\src\\components\\contextMenuModal\\contextMenuModal.component.tsx","statementMap":{"0":{"start":{"line":1,"column":0},"end":{"line":1,"column":41}},"1":{"start":{"line":5,"column":0},"end":{"line":5,"column":27}},"2":{"start":{"line":6,"column":0},"end":{"line":6,"column":48}},"3":{"start":{"line":8,"column":0},"end":{"line":8,"column":37}},"4":{"start":{"line":11,"column":0},"end":{"line":11,"column":64}},"5":{"start":{"line":13,"column":0},"end":{"line":13,"column":78}},"6":{"start":{"line":15,"column":0},"end":{"line":15,"column":95}},"7":{"start":{"line":15,"column":40},"end":{"line":15,"column":49}},"8":{"start":{"line":17,"column":4},"end":{"line":38,"column":null}},"9":{"start":{"line":17,"column":4},"end":{"line":17,"column":10}},"10":{"start":{"line":18,"column":8},"end":{"line":37,"column":10}},"11":{"start":{"line":20,"column":86},"end":{"line":20,"column":null}},"12":{"start":{"line":39,"column":0},"end":{"line":39,"column":null}},"13":{"start":{"line":44,"column":27},"end":{"line":48,"column":1}},"14":{"start":{"line":45,"column":4},"end":{"line":47,"column":6}},"15":{"start":{"line":46,"column":42},"end":{"line":46,"column":null}},"16":{"start":{"line":50,"column":24},"end":{"line":55,"column":1}},"17":{"start":{"line":51,"column":4},"end":{"line":54,"column":36}},"18":{"start":{"line":57,"column":0},"end":{"line":57,"column":182}}},"fnMap":{"0":{"name":"(anonymous_7)","decl":{"start":{"line":15,"column":0},"end":{"line":15,"column":40}},"loc":{"start":{"line":15,"column":0},"end":{"line":39,"column":null}}},"1":{"name":"(anonymous_9)","decl":{"start":{"line":17,"column":4},"end":{"line":17,"column":10}},"loc":{"start":{"line":17,"column":4},"end":{"line":38,"column":5}}},"2":{"name":"(anonymous_10)","decl":{"start":{"line":20,"column":81},"end":{"line":20,"column":82}},"loc":{"start":{"line":20,"column":82},"end":{"line":20,"column":90}}},"3":{"name":"(anonymous_11)","decl":{"start":{"line":44,"column":27},"end":{"line":44,"column":28}},"loc":{"start":{"line":44,"column":64},"end":{"line":48,"column":1}}},"4":{"name":"(anonymous_12)","decl":{"start":{"line":46,"column":33},"end":{"line":46,"column":34}},"loc":{"start":{"line":46,"column":39},"end":{"line":46,"column":50}}},"5":{"name":"(anonymous_13)","decl":{"start":{"line":50,"column":24},"end":{"line":50,"column":25}},"loc":{"start":{"line":50,"column":40},"end":{"line":55,"column":1}}}},"branchMap":{},"s":{"0":1,"1":1,"2":1,"3":1,"4":1,"5":1,"6":1,"7":1,"8":1,"9":4,"10":4,"11":8,"12":1,"13":1,"14":4,"15":8,"16":1,"17":12,"18":1},"f":{"0":5,"1":4,"2":8,"3":4,"4":8,"5":12},"b":{}}
,"C:\\Users\\Milan\\source\\repos\\react-crud-master\\src\\components\\contextMenuModal\\contextMenuModal.reducer.ts": {"path":"C:\\Users\\Milan\\source\\repos\\react-crud-master\\src\\components\\contextMenuModal\\contextMenuModal.reducer.ts","statementMap":{"0":{"start":{"line":1,"column":0},"end":{"line":1,"column":197}},"1":{"start":{"line":4,"column":0},"end":{"line":4,"column":68}},"2":{"start":{"line":7,"column":4},"end":{"line":7,"column":null}},"3":{"start":{"line":10,"column":4},"end":{"line":11,"column":21}},"4":{"start":{"line":11,"column":8},"end":{"line":11,"column":21}},"5":{"start":{"line":13,"column":4},"end":{"line":23,"column":null}},"6":{"start":{"line":16,"column":64},"end":{"line":16,"column":70}},"7":{"start":{"line":18,"column":12},"end":{"line":18,"column":100}},"8":{"start":{"line":22,"column":12},"end":{"line":22,"column":null}},"9":{"start":{"line":6,"column":0},"end":{"line":6,"column":16}}},"fnMap":{"0":{"name":"ContextMenuModalReducer","decl":{"start":{"line":6,"column":16},"end":{"line":6,"column":39}},"loc":{"start":{"line":8,"column":38},"end":{"line":24,"column":1}}}},"branchMap":{"0":{"loc":{"start":{"line":7,"column":4},"end":{"line":7,"column":null}},"type":"if","locations":[{"start":{"line":7,"column":4},"end":{"line":7,"column":null}},{"start":{"line":7,"column":4},"end":{"line":7,"column":null}}]},"1":{"loc":{"start":{"line":10,"column":4},"end":{"line":11,"column":21}},"type":"if","locations":[{"start":{"line":10,"column":4},"end":{"line":11,"column":21}},{"start":{"line":10,"column":4},"end":{"line":11,"column":21}}]},"2":{"loc":{"start":{"line":15,"column":8},"end":{"line":19,"column":null}},"type":"switch","locations":[{"start":{"line":15,"column":8},"end":{"line":19,"column":null}},{"start":{"line":21,"column":8},"end":{"line":22,"column":null}}]}},"s":{"0":1,"1":1,"2":37,"3":31,"4":23,"5":8,"6":8,"7":8,"8":0,"9":1},"f":{"0":31},"b":{"0":[6,25],"1":[23,8],"2":[8,0]}}
,"C:\\Users\\Milan\\source\\repos\\react-crud-master\\src\\components\\contextMenuModal\\contextMenuModal.types.ts": {"path":"C:\\Users\\Milan\\source\\repos\\react-crud-master\\src\\components\\contextMenuModal\\contextMenuModal.types.ts","statementMap":{"0":{"start":{"line":2,"column":0},"end":{"line":2,"column":62}},"1":{"start":{"line":3,"column":0},"end":{"line":5,"column":2}},"2":{"start":{"line":6,"column":0},"end":{"line":8,"column":2}},"3":{"start":{"line":7,"column":4},"end":{"line":7,"column":14}},"4":{"start":{"line":9,"column":0},"end":{"line":14,"column":2}},"5":{"start":{"line":10,"column":4},"end":{"line":13,"column":6}}},"fnMap":{"0":{"name":"(anonymous_0)","decl":{"start":{"line":6,"column":23},"end":{"line":6,"column":24}},"loc":{"start":{"line":6,"column":35},"end":{"line":8,"column":1}},"line":6},"1":{"name":"(anonymous_1)","decl":{"start":{"line":9,"column":44},"end":{"line":9,"column":45}},"loc":{"start":{"line":9,"column":56},"end":{"line":14,"column":1}},"line":9}},"branchMap":{},"s":{"0":1,"1":1,"2":1,"3":0,"4":1,"5":6},"f":{"0":0,"1":6},"b":{},"_coverageSchema":"43e27e138ebf9cfc5966b082cf9a028302ed4184","hash":"e2e947c71218dcf4e3fb39d8f31ebf19de901fb7"}
,"C:\\Users\\Milan\\source\\repos\\react-crud-master\\src\\components\\crudModal\\crudModal.actions.ts": {"path":"C:\\Users\\Milan\\source\\repos\\react-crud-master\\src\\components\\crudModal\\crudModal.actions.ts","statementMap":{"0":{"start":{"line":2,"column":0},"end":{"line":2,"column":60}},"1":{"start":{"line":4,"column":0},"end":{"line":4,"column":125}},"2":{"start":{"line":6,"column":18},"end":{"line":6,"column":28}},"3":{"start":{"line":9,"column":4},"end":{"line":13,"column":null}},"4":{"start":{"line":8,"column":0},"end":{"line":8,"column":16}},"5":{"start":{"line":17,"column":4},"end":{"line":21,"column":null}},"6":{"start":{"line":16,"column":0},"end":{"line":16,"column":16}},"7":{"start":{"line":26,"column":4},"end":{"line":32,"column":null}},"8":{"start":{"line":24,"column":0},"end":{"line":24,"column":16}},"9":{"start":{"line":36,"column":4},"end":{"line":43,"column":null}},"10":{"start":{"line":35,"column":0},"end":{"line":35,"column":16}}},"fnMap":{"0":{"name":"closeModal","decl":{"start":{"line":8,"column":16},"end":{"line":8,"column":26}},"loc":{"start":{"line":8,"column":26},"end":{"line":14,"column":1}}},"1":{"name":"openModal","decl":{"start":{"line":16,"column":16},"end":{"line":16,"column":25}},"loc":{"start":{"line":16,"column":25},"end":{"line":22,"column":1}}},"2":{"name":"generateColNamePropertiesInRowData","decl":{"start":{"line":24,"column":16},"end":{"line":24,"column":50}},"loc":{"start":{"line":24,"column":71},"end":{"line":33,"column":1}}},"3":{"name":"onRowDataChange","decl":{"start":{"line":35,"column":16},"end":{"line":35,"column":31}},"loc":{"start":{"line":35,"column":54},"end":{"line":44,"column":1}}}},"branchMap":{},"s":{"0":1,"1":1,"2":1,"3":0,"4":1,"5":0,"6":1,"7":4,"8":1,"9":0,"10":1},"f":{"0":0,"1":0,"2":4,"3":0},"b":{}}
,"C:\\Users\\Milan\\source\\repos\\react-crud-master\\src\\components\\crudModal\\crudModal.component.tsx": {"path":"C:\\Users\\Milan\\source\\repos\\react-crud-master\\src\\components\\crudModal\\crudModal.component.tsx","statementMap":{"0":{"start":{"line":1,"column":0},"end":{"line":1,"column":65}},"1":{"start":{"line":2,"column":0},"end":{"line":2,"column":null}},"2":{"start":{"line":8,"column":0},"end":{"line":8,"column":27}},"3":{"start":{"line":9,"column":0},"end":{"line":9,"column":48}},"4":{"start":{"line":11,"column":0},"end":{"line":11,"column":47}},"5":{"start":{"line":18,"column":0},"end":{"line":18,"column":66}},"6":{"start":{"line":19,"column":0},"end":{"line":19,"column":145}},"7":{"start":{"line":22,"column":0},"end":{"line":22,"column":74}},"8":{"start":{"line":22,"column":33},"end":{"line":22,"column":42}},"9":{"start":{"line":24,"column":8},"end":{"line":24,"column":null}},"10":{"start":{"line":28,"column":4},"end":{"line":29,"column":6}},"11":{"start":{"line":31,"column":4},"end":{"line":33,"column":null}},"12":{"start":{"line":32,"column":8},"end":{"line":32,"column":36}},"13":{"start":{"line":35,"column":4},"end":{"line":37,"column":6}},"14":{"start":{"line":36,"column":8},"end":{"line":36,"column":48}},"15":{"start":{"line":25,"column":8},"end":{"line":25,"column":36}},"16":{"start":{"line":39,"column":4},"end":{"line":84,"column":null}},"17":{"start":{"line":39,"column":4},"end":{"line":39,"column":10}},"18":{"start":{"line":40,"column":8},"end":{"line":83,"column":10}},"19":{"start":{"line":53,"column":28},"end":{"line":71,"column":30}},"20":{"start":{"line":64,"column":66},"end":{"line":64,"column":null}},"21":{"start":{"line":87,"column":0},"end":{"line":87,"column":null}},"22":{"start":{"line":91,"column":27},"end":{"line":96,"column":1}},"23":{"start":{"line":92,"column":4},"end":{"line":95,"column":6}},"24":{"start":{"line":93,"column":30},"end":{"line":93,"column":null}},"25":{"start":{"line":94,"column":52},"end":{"line":94,"column":null}},"26":{"start":{"line":98,"column":24},"end":{"line":104,"column":1}},"27":{"start":{"line":99,"column":4},"end":{"line":103,"column":29}},"28":{"start":{"line":106,"column":0},"end":{"line":106,"column":154}}},"fnMap":{"0":{"name":"(anonymous_7)","decl":{"start":{"line":22,"column":0},"end":{"line":22,"column":33}},"loc":{"start":{"line":22,"column":0},"end":{"line":87,"column":null}}},"1":{"name":"CrudModalComponent","decl":{"start":{"line":23,"column":4},"end":{"line":23,"column":16}},"loc":{"start":{"line":23,"column":37},"end":{"line":26,"column":5}}},"2":{"name":"(anonymous_9)","decl":{"start":{"line":28,"column":24},"end":{"line":28,"column":null}},"loc":{"start":{"line":28,"column":24},"end":{"line":29,"column":5}}},"3":{"name":"(anonymous_10)","decl":{"start":{"line":31,"column":18},"end":{"line":31,"column":null}},"loc":{"start":{"line":31,"column":18},"end":{"line":33,"column":5}}},"4":{"name":"(anonymous_11)","decl":{"start":{"line":35,"column":22},"end":{"line":35,"column":23}},"loc":{"start":{"line":35,"column":47},"end":{"line":37,"column":5}}},"5":{"name":"(anonymous_12)","decl":{"start":{"line":39,"column":4},"end":{"line":39,"column":10}},"loc":{"start":{"line":39,"column":4},"end":{"line":84,"column":5}}},"6":{"name":"(anonymous_13)","decl":{"start":{"line":52,"column":49},"end":{"line":52,"column":50}},"loc":{"start":{"line":52,"column":56},"end":{"line":72,"column":25}}},"7":{"name":"(anonymous_14)","decl":{"start":{"line":64,"column":54},"end":{"line":64,"column":55}},"loc":{"start":{"line":64,"column":61},"end":{"line":64,"column":70}}},"8":{"name":"(anonymous_15)","decl":{"start":{"line":91,"column":27},"end":{"line":91,"column":28}},"loc":{"start":{"line":91,"column":98},"end":{"line":96,"column":1}}},"9":{"name":"(anonymous_16)","decl":{"start":{"line":93,"column":24},"end":{"line":93,"column":30}},"loc":{"start":{"line":93,"column":24},"end":{"line":93,"column":38}}},"10":{"name":"(anonymous_17)","decl":{"start":{"line":94,"column":25},"end":{"line":94,"column":26}},"loc":{"start":{"line":94,"column":47},"end":{"line":94,"column":60}}},"11":{"name":"(anonymous_18)","decl":{"start":{"line":98,"column":24},"end":{"line":98,"column":25}},"loc":{"start":{"line":98,"column":66},"end":{"line":104,"column":1}}}},"branchMap":{"0":{"loc":{"start":{"line":24,"column":8},"end":{"line":24,"column":20}},"type":"binary-expr","locations":[{"start":{"line":24,"column":8},"end":{"line":24,"column":20}},{"start":{"line":24,"column":20},"end":{"line":24,"column":null}}]}},"s":{"0":1,"1":1,"2":1,"3":1,"4":1,"5":1,"6":1,"7":1,"8":1,"9":4,"10":4,"11":4,"12":0,"13":4,"14":0,"15":4,"16":1,"17":8,"18":8,"19":20,"20":0,"21":1,"22":1,"23":4,"24":0,"25":0,"26":1,"27":8,"28":1},"f":{"0":1,"1":4,"2":4,"3":0,"4":0,"5":8,"6":20,"7":0,"8":4,"9":0,"10":0,"11":8},"b":{"0":[4,4]}}
,"C:\\Users\\Milan\\source\\repos\\react-crud-master\\src\\components\\crudModal\\crudModal.reducer.ts": {"path":"C:\\Users\\Milan\\source\\repos\\react-crud-master\\src\\components\\crudModal\\crudModal.reducer.ts","statementMap":{"0":{"start":{"line":1,"column":0},"end":{"line":1,"column":226}},"1":{"start":{"line":2,"column":0},"end":{"line":2,"column":40}},"2":{"start":{"line":4,"column":0},"end":{"line":4,"column":60}},"3":{"start":{"line":5,"column":13},"end":{"line":18,"column":null}},"4":{"start":{"line":21,"column":4},"end":{"line":21,"column":null}},"5":{"start":{"line":24,"column":4},"end":{"line":25,"column":21}},"6":{"start":{"line":25,"column":8},"end":{"line":25,"column":21}},"7":{"start":{"line":27,"column":4},"end":{"line":55,"column":null}},"8":{"start":{"line":30,"column":12},"end":{"line":30,"column":95}},"9":{"start":{"line":34,"column":12},"end":{"line":34,"column":67}},"10":{"start":{"line":38,"column":73},"end":{"line":38,"column":79}},"11":{"start":{"line":39,"column":36},"end":{"line":39,"column":38}},"12":{"start":{"line":41,"column":12},"end":{"line":43,"column":15}},"13":{"start":{"line":42,"column":16},"end":{"line":42,"column":44}},"14":{"start":{"line":44,"column":12},"end":{"line":44,"column":87}},"15":{"start":{"line":48,"column":54},"end":{"line":48,"column":60}},"16":{"start":{"line":50,"column":12},"end":{"line":50,"column":115}},"17":{"start":{"line":54,"column":12},"end":{"line":54,"column":null}},"18":{"start":{"line":20,"column":0},"end":{"line":20,"column":16}}},"fnMap":{"0":{"name":"crudModalReducer","decl":{"start":{"line":20,"column":16},"end":{"line":20,"column":32}},"loc":{"start":{"line":22,"column":31},"end":{"line":56,"column":1}}},"1":{"name":"(anonymous_4)","decl":{"start":{"line":41,"column":46},"end":{"line":41,"column":47}},"loc":{"start":{"line":41,"column":65},"end":{"line":43,"column":13}}}},"branchMap":{"0":{"loc":{"start":{"line":21,"column":4},"end":{"line":21,"column":null}},"type":"if","locations":[{"start":{"line":21,"column":4},"end":{"line":21,"column":null}},{"start":{"line":21,"column":4},"end":{"line":21,"column":null}}]},"1":{"loc":{"start":{"line":24,"column":4},"end":{"line":25,"column":21}},"type":"if","locations":[{"start":{"line":24,"column":4},"end":{"line":25,"column":21}},{"start":{"line":24,"column":4},"end":{"line":25,"column":21}}]},"2":{"loc":{"start":{"line":29,"column":8},"end":{"line":31,"column":null}},"type":"switch","locations":[{"start":{"line":29,"column":8},"end":{"line":31,"column":null}},{"start":{"line":33,"column":8},"end":{"line":35,"column":null}},{"start":{"line":37,"column":8},"end":{"line":45,"column":null}},{"start":{"line":47,"column":8},"end":{"line":51,"column":null}},{"start":{"line":53,"column":8},"end":{"line":54,"column":null}}]}},"s":{"0":1,"1":1,"2":1,"3":1,"4":37,"5":31,"6":27,"7":4,"8":0,"9":0,"10":4,"11":4,"12":4,"13":20,"14":4,"15":0,"16":0,"17":0,"18":1},"f":{"0":31,"1":20},"b":{"0":[6,25],"1":[27,4],"2":[0,0,4,0,0]}}
,"C:\\Users\\Milan\\source\\repos\\react-crud-master\\src\\components\\crudModal\\crudModal.types.ts": {"path":"C:\\Users\\Milan\\source\\repos\\react-crud-master\\src\\components\\crudModal\\crudModal.types.ts","statementMap":{"0":{"start":{"line":4,"column":13},"end":{"line":9,"column":null}},"1":{"start":{"line":42,"column":13},"end":{"line":46,"column":null}},"2":{"start":{"line":43,"column":2},"end":{"line":45,"column":null}},"3":{"start":{"line":52,"column":13},"end":{"line":59,"column":2}},"4":{"start":{"line":53,"column":2},"end":{"line":58,"column":4}}},"fnMap":{"0":{"name":"(anonymous_0)","decl":{"start":{"line":42,"column":28},"end":{"line":42,"column":null}},"loc":{"start":{"line":42,"column":28},"end":{"line":46,"column":1}}},"1":{"name":"(anonymous_1)","decl":{"start":{"line":52,"column":42},"end":{"line":52,"column":null}},"loc":{"start":{"line":52,"column":42},"end":{"line":59,"column":1}}}},"branchMap":{},"s":{"0":2,"1":2,"2":4,"3":2,"4":6},"f":{"0":4,"1":6},"b":{}}
,"C:\\Users\\Milan\\source\\repos\\react-crud-master\\src\\components\\reactCrudMaster\\reactCrudMaster.actions.ts": {"path":"C:\\Users\\Milan\\source\\repos\\react-crud-master\\src\\components\\reactCrudMaster\\reactCrudMaster.actions.ts","statementMap":{"0":{"start":{"line":1,"column":0},"end":{"line":1,"column":99}},"1":{"start":{"line":3,"column":0},"end":{"line":3,"column":67}},"2":{"start":{"line":4,"column":0},"end":{"line":4,"column":41}},"3":{"start":{"line":7,"column":0},"end":{"line":7,"column":66}},"4":{"start":{"line":9,"column":18},"end":{"line":9,"column":35}},"5":{"start":{"line":12,"column":26},"end":{"line":12,"column":46}},"6":{"start":{"line":14,"column":29},"end":{"line":14,"column":30}},"7":{"start":{"line":15,"column":4},"end":{"line":18,"column":7}},"8":{"start":{"line":16,"column":8},"end":{"line":16,"column":55}},"9":{"start":{"line":17,"column":8},"end":{"line":17,"column":42}},"10":{"start":{"line":20,"column":4},"end":{"line":27,"column":null}},"11":{"start":{"line":11,"column":0},"end":{"line":11,"column":16}},"12":{"start":{"line":31,"column":4},"end":{"line":32,"column":30}},"13":{"start":{"line":32,"column":8},"end":{"line":32,"column":30}},"14":{"start":{"line":33,"column":4},"end":{"line":33,"column":13}},"15":{"start":{"line":36,"column":13},"end":{"line":41,"column":null}},"16":{"start":{"line":37,"column":4},"end":{"line":40,"column":null}},"17":{"start":{"line":37,"column":60},"end":{"line":40,"column":null}},"18":{"start":{"line":38,"column":8},"end":{"line":38,"column":49}},"19":{"start":{"line":39,"column":8},"end":{"line":39,"column":null}},"20":{"start":{"line":44,"column":21},"end":{"line":44,"column":36}},"21":{"start":{"line":45,"column":4},"end":{"line":49,"column":null}},"22":{"start":{"line":43,"column":0},"end":{"line":43,"column":16}},"23":{"start":{"line":53,"column":4},"end":{"line":57,"column":null}},"24":{"start":{"line":52,"column":0},"end":{"line":52,"column":16}},"25":{"start":{"line":60,"column":34},"end":{"line":60,"column":66}},"26":{"start":{"line":60,"column":66},"end":{"line":60,"column":null}},"27":{"start":{"line":61,"column":4},"end":{"line":68,"column":null}},"28":{"start":{"line":60,"column":0},"end":{"line":60,"column":16}},"29":{"start":{"line":72,"column":4},"end":{"line":76,"column":null}},"30":{"start":{"line":71,"column":0},"end":{"line":71,"column":16}},"31":{"start":{"line":81,"column":4},"end":{"line":85,"column":null}},"32":{"start":{"line":80,"column":0},"end":{"line":80,"column":16}},"33":{"start":{"line":89,"column":4},"end":{"line":93,"column":null}},"34":{"start":{"line":88,"column":0},"end":{"line":88,"column":16}},"35":{"start":{"line":97,"column":4},"end":{"line":101,"column":null}},"36":{"start":{"line":96,"column":0},"end":{"line":96,"column":16}}},"fnMap":{"0":{"name":"privateSetColModels","decl":{"start":{"line":11,"column":16},"end":{"line":11,"column":35}},"loc":{"start":{"line":11,"column":57},"end":{"line":28,"column":1}}},"1":{"name":"(anonymous_15)","decl":{"start":{"line":15,"column":28},"end":{"line":15,"column":29}},"loc":{"start":{"line":15,"column":47},"end":{"line":18,"column":5}}},"2":{"name":"getUsefullColModelWith","decl":{"start":{"line":30,"column":9},"end":{"line":30,"column":31}},"loc":{"start":{"line":30,"column":49},"end":{"line":34,"column":1}}},"3":{"name":"(anonymous_17)","decl":{"start":{"line":36,"column":28},"end":{"line":36,"column":29}},"loc":{"start":{"line":36,"column":49},"end":{"line":41,"column":1}}},"4":{"name":"(anonymous_18)","decl":{"start":{"line":37,"column":11},"end":{"line":37,"column":18}},"loc":{"start":{"line":37,"column":60},"end":{"line":40,"column":null}}},"5":{"name":"(anonymous_19)","decl":{"start":{"line":37,"column":60},"end":{"line":37,"column":null}},"loc":{"start":{"line":37,"column":60},"end":{"line":40,"column":null}}},"6":{"name":"setData","decl":{"start":{"line":43,"column":16},"end":{"line":43,"column":23}},"loc":{"start":{"line":43,"column":35},"end":{"line":50,"column":1}}},"7":{"name":"resizeColumn","decl":{"start":{"line":52,"column":16},"end":{"line":52,"column":28}},"loc":{"start":{"line":52,"column":42},"end":{"line":58,"column":1}}},"8":{"name":"setColumnToResize","decl":{"start":{"line":60,"column":16},"end":{"line":60,"column":33}},"loc":{"start":{"line":60,"column":78},"end":{"line":69,"column":1}}},"9":{"name":"resetTableoffsetWidth","decl":{"start":{"line":71,"column":16},"end":{"line":71,"column":37}},"loc":{"start":{"line":71,"column":37},"end":{"line":77,"column":1}}},"10":{"name":"changeOrderDirection","decl":{"start":{"line":80,"column":16},"end":{"line":80,"column":36}},"loc":{"start":{"line":80,"column":54},"end":{"line":86,"column":1}}},"11":{"name":"selectRow","decl":{"start":{"line":88,"column":16},"end":{"line":88,"column":25}},"loc":{"start":{"line":88,"column":34},"end":{"line":94,"column":1}}},"12":{"name":"setTableTitle","decl":{"start":{"line":96,"column":16},"end":{"line":96,"column":29}},"loc":{"start":{"line":96,"column":45},"end":{"line":102,"column":1}}}},"branchMap":{"0":{"loc":{"start":{"line":31,"column":4},"end":{"line":32,"column":30}},"type":"if","locations":[{"start":{"line":31,"column":4},"end":{"line":32,"column":30}},{"start":{"line":31,"column":4},"end":{"line":32,"column":30}}]},"1":{"loc":{"start":{"line":60,"column":34},"end":{"line":60,"column":66}},"type":"if","locations":[{"start":{"line":60,"column":34},"end":{"line":60,"column":66}},{"start":{"line":60,"column":34},"end":{"line":60,"column":66}}]},"2":{"loc":{"start":{"line":60,"column":66},"end":{"line":60,"column":null}},"type":"if","locations":[{"start":{"line":60,"column":66},"end":{"line":60,"column":null}},{"start":{"line":60,"column":66},"end":{"line":60,"column":null}}]}},"s":{"0":2,"1":1,"2":1,"3":1,"4":1,"5":6,"6":6,"7":6,"8":26,"9":26,"10":6,"11":1,"12":26,"13":26,"14":0,"15":1,"16":4,"17":4,"18":4,"19":4,"20":4,"21":4,"22":1,"23":0,"24":1,"25":0,"26":0,"27":0,"28":1,"29":4,"30":1,"31":0,"32":1,"33":0,"34":1,"35":1,"36":1},"f":{"0":6,"1":26,"2":26,"3":4,"4":4,"5":4,"6":4,"7":0,"8":0,"9":4,"10":0,"11":0,"12":1},"b":{"0":[26,0],"1":[0,0],"2":[0,0]}}
,"C:\\Users\\Milan\\source\\repos\\react-crud-master\\src\\components\\reactCrudMaster\\reactCrudMaster.component.tsx": {"path":"C:\\Users\\Milan\\source\\repos\\react-crud-master\\src\\components\\reactCrudMaster\\reactCrudMaster.component.tsx","statementMap":{"0":{"start":{"line":1,"column":0},"end":{"line":1,"column":41}},"1":{"start":{"line":2,"column":0},"end":{"line":2,"column":null}},"2":{"start":{"line":6,"column":0},"end":{"line":6,"column":27}},"3":{"start":{"line":7,"column":0},"end":{"line":7,"column":31}},"4":{"start":{"line":9,"column":0},"end":{"line":9,"column":62}},"5":{"start":{"line":10,"column":0},"end":{"line":10,"column":37}},"6":{"start":{"line":11,"column":0},"end":{"line":11,"column":181}},"7":{"start":{"line":14,"column":0},"end":{"line":14,"column":67}},"8":{"start":{"line":15,"column":0},"end":{"line":15,"column":62}},"9":{"start":{"line":16,"column":0},"end":{"line":16,"column":56}},"10":{"start":{"line":17,"column":0},"end":{"line":17,"column":56}},"11":{"start":{"line":18,"column":0},"end":{"line":18,"column":65}},"12":{"start":{"line":19,"column":0},"end":{"line":19,"column":77}},"13":{"start":{"line":23,"column":0},"end":{"line":23,"column":92}},"14":{"start":{"line":23,"column":39},"end":{"line":23,"column":48}},"15":{"start":{"line":25,"column":8},"end":{"line":25,"column":null}},"16":{"start":{"line":29,"column":4},"end":{"line":45,"column":6}},"17":{"start":{"line":31,"column":8},"end":{"line":31,"column":58}},"18":{"start":{"line":32,"column":8},"end":{"line":32,"column":48}},"19":{"start":{"line":33,"column":8},"end":{"line":33,"column":43}},"20":{"start":{"line":35,"column":8},"end":{"line":36,"column":60}},"21":{"start":{"line":36,"column":12},"end":{"line":36,"column":60}},"22":{"start":{"line":38,"column":8},"end":{"line":40,"column":11}},"23":{"start":{"line":39,"column":12},"end":{"line":39,"column":null}},"24":{"start":{"line":42,"column":8},"end":{"line":44,"column":11}},"25":{"start":{"line":43,"column":12},"end":{"line":43,"column":47}},"26":{"start":{"line":47,"column":4},"end":{"line":49,"column":6}},"27":{"start":{"line":48,"column":8},"end":{"line":48,"column":71}},"28":{"start":{"line":51,"column":4},"end":{"line":53,"column":6}},"29":{"start":{"line":52,"column":8},"end":{"line":52,"column":74}},"30":{"start":{"line":55,"column":4},"end":{"line":57,"column":6}},"31":{"start":{"line":56,"column":8},"end":{"line":56,"column":43}},"32":{"start":{"line":59,"column":4},"end":{"line":65,"column":null}},"33":{"start":{"line":60,"column":8},"end":{"line":61,"column":19}},"34":{"start":{"line":61,"column":12},"end":{"line":61,"column":19}},"35":{"start":{"line":63,"column":8},"end":{"line":63,"column":39}},"36":{"start":{"line":64,"column":8},"end":{"line":64,"column":41}},"37":{"start":{"line":67,"column":4},"end":{"line":71,"column":null}},"38":{"start":{"line":68,"column":8},"end":{"line":70,"column":null}},"39":{"start":{"line":69,"column":12},"end":{"line":69,"column":39}},"40":{"start":{"line":73,"column":4},"end":{"line":77,"column":null}},"41":{"start":{"line":74,"column":8},"end":{"line":74,"column":50}},"42":{"start":{"line":75,"column":8},"end":{"line":75,"column":46}},"43":{"start":{"line":76,"column":8},"end":{"line":76,"column":44}},"44":{"start":{"line":26,"column":8},"end":{"line":26,"column":36}},"45":{"start":{"line":79,"column":4},"end":{"line":105,"column":null}},"46":{"start":{"line":81,"column":8},"end":{"line":104,"column":10}},"47":{"start":{"line":108,"column":0},"end":{"line":108,"column":null}},"48":{"start":{"line":110,"column":27},"end":{"line":119,"column":1}},"49":{"start":{"line":111,"column":4},"end":{"line":118,"column":6}},"50":{"start":{"line":112,"column":49},"end":{"line":112,"column":null}},"51":{"start":{"line":113,"column":34},"end":{"line":113,"column":null}},"52":{"start":{"line":114,"column":41},"end":{"line":114,"column":null}},"53":{"start":{"line":115,"column":28},"end":{"line":115,"column":62}},"54":{"start":{"line":115,"column":62},"end":{"line":115,"column":89}},"55":{"start":{"line":115,"column":89},"end":{"line":115,"column":null}},"56":{"start":{"line":116,"column":37},"end":{"line":116,"column":null}},"57":{"start":{"line":117,"column":46},"end":{"line":117,"column":null}},"58":{"start":{"line":121,"column":24},"end":{"line":128,"column":1}},"59":{"start":{"line":122,"column":4},"end":{"line":127,"column":35}},"60":{"start":{"line":130,"column":0},"end":{"line":135,"column":65}}},"fnMap":{"0":{"name":"(anonymous_8)","decl":{"start":{"line":23,"column":0},"end":{"line":23,"column":39}},"loc":{"start":{"line":23,"column":0},"end":{"line":108,"column":null}}},"1":{"name":"ReactCrudMasterComponent","decl":{"start":{"line":24,"column":4},"end":{"line":24,"column":16}},"loc":{"start":{"line":24,"column":43},"end":{"line":27,"column":5}}},"2":{"name":"(anonymous_10)","decl":{"start":{"line":29,"column":24},"end":{"line":29,"column":null}},"loc":{"start":{"line":29,"column":24},"end":{"line":45,"column":5}}},"3":{"name":"(anonymous_11)","decl":{"start":{"line":38,"column":89},"end":{"line":38,"column":null}},"loc":{"start":{"line":38,"column":89},"end":{"line":40,"column":9}}},"4":{"name":"(anonymous_12)","decl":{"start":{"line":42,"column":91},"end":{"line":42,"column":92}},"loc":{"start":{"line":42,"column":105},"end":{"line":44,"column":9}}},"5":{"name":"(anonymous_13)","decl":{"start":{"line":47,"column":25},"end":{"line":47,"column":null}},"loc":{"start":{"line":47,"column":25},"end":{"line":49,"column":5}}},"6":{"name":"(anonymous_14)","decl":{"start":{"line":51,"column":27},"end":{"line":51,"column":null}},"loc":{"start":{"line":51,"column":27},"end":{"line":53,"column":5}}},"7":{"name":"(anonymous_15)","decl":{"start":{"line":55,"column":29},"end":{"line":55,"column":null}},"loc":{"start":{"line":55,"column":29},"end":{"line":57,"column":5}}},"8":{"name":"(anonymous_16)","decl":{"start":{"line":59,"column":42},"end":{"line":59,"column":null}},"loc":{"start":{"line":59,"column":42},"end":{"line":65,"column":5}}},"9":{"name":"(anonymous_17)","decl":{"start":{"line":67,"column":33},"end":{"line":67,"column":34}},"loc":{"start":{"line":67,"column":47},"end":{"line":71,"column":5}}},"10":{"name":"(anonymous_18)","decl":{"start":{"line":73,"column":32},"end":{"line":73,"column":null}},"loc":{"start":{"line":73,"column":32},"end":{"line":77,"column":5}}},"11":{"name":"(anonymous_19)","decl":{"start":{"line":79,"column":4},"end":{"line":79,"column":10}},"loc":{"start":{"line":79,"column":4},"end":{"line":105,"column":5}}},"12":{"name":"(anonymous_20)","decl":{"start":{"line":110,"column":27},"end":{"line":110,"column":28}},"loc":{"start":{"line":110,"column":64},"end":{"line":119,"column":1}}},"13":{"name":"(anonymous_21)","decl":{"start":{"line":112,"column":22},"end":{"line":112,"column":23}},"loc":{"start":{"line":112,"column":44},"end":{"line":112,"column":57}}},"14":{"name":"(anonymous_22)","decl":{"start":{"line":113,"column":17},"end":{"line":113,"column":18}},"loc":{"start":{"line":113,"column":29},"end":{"line":113,"column":42}}},"15":{"name":"(anonymous_23)","decl":{"start":{"line":114,"column":22},"end":{"line":114,"column":23}},"loc":{"start":{"line":114,"column":36},"end":{"line":114,"column":49}}},"16":{"name":"(anonymous_24)","decl":{"start":{"line":115,"column":27},"end":{"line":115,"column":28}},"loc":{"start":{"line":115,"column":84},"end":{"line":115,"column":97}}},"17":{"name":"(anonymous_25)","decl":{"start":{"line":116,"column":31},"end":{"line":116,"column":37}},"loc":{"start":{"line":116,"column":31},"end":{"line":116,"column":45}}},"18":{"name":"(anonymous_26)","decl":{"start":{"line":117,"column":23},"end":{"line":117,"column":24}},"loc":{"start":{"line":117,"column":41},"end":{"line":117,"column":54}}},"19":{"name":"(anonymous_27)","decl":{"start":{"line":121,"column":24},"end":{"line":121,"column":25}},"loc":{"start":{"line":121,"column":40},"end":{"line":128,"column":1}}}},"branchMap":{"0":{"loc":{"start":{"line":25,"column":8},"end":{"line":25,"column":20}},"type":"binary-expr","locations":[{"start":{"line":25,"column":8},"end":{"line":25,"column":20}},{"start":{"line":25,"column":20},"end":{"line":25,"column":null}}]},"1":{"loc":{"start":{"line":35,"column":8},"end":{"line":36,"column":60}},"type":"if","locations":[{"start":{"line":35,"column":8},"end":{"line":36,"column":60}},{"start":{"line":35,"column":8},"end":{"line":36,"column":60}}]},"2":{"loc":{"start":{"line":60,"column":8},"end":{"line":61,"column":19}},"type":"if","locations":[{"start":{"line":60,"column":8},"end":{"line":61,"column":19}},{"start":{"line":60,"column":8},"end":{"line":61,"column":19}}]},"3":{"loc":{"start":{"line":68,"column":8},"end":{"line":70,"column":null}},"type":"if","locations":[{"start":{"line":68,"column":8},"end":{"line":70,"column":null}},{"start":{"line":68,"column":8},"end":{"line":70,"column":null}}]},"4":{"loc":{"start":{"line":115,"column":28},"end":{"line":115,"column":62}},"type":"if","locations":[{"start":{"line":115,"column":28},"end":{"line":115,"column":62}},{"start":{"line":115,"column":28},"end":{"line":115,"column":62}}]},"5":{"loc":{"start":{"line":115,"column":62},"end":{"line":115,"column":89}},"type":"if","locations":[{"start":{"line":115,"column":62},"end":{"line":115,"column":89}},{"start":{"line":115,"column":62},"end":{"line":115,"column":89}}]}},"s":{"0":1,"1":1,"2":1,"3":1,"4":1,"5":1,"6":1,"7":1,"8":1,"9":1,"10":1,"11":1,"12":1,"13":1,"14":1,"15":4,"16":4,"17":4,"18":4,"19":4,"20":4,"21":1,"22":4,"23":0,"24":4,"25":0,"26":4,"27":4,"28":4,"29":4,"30":4,"31":0,"32":4,"33":0,"34":0,"35":0,"36":0,"37":4,"38":0,"39":0,"40":4,"41":0,"42":0,"43":0,"44":4,"45":1,"46":5,"47":1,"48":1,"49":4,"50":4,"51":4,"52":0,"53":0,"54":0,"55":0,"56":4,"57":1,"58":1,"59":8,"60":1},"f":{"0":1,"1":4,"2":4,"3":0,"4":0,"5":4,"6":4,"7":0,"8":0,"9":0,"10":0,"11":5,"12":4,"13":4,"14":4,"15":0,"16":0,"17":4,"18":1,"19":8},"b":{"0":[4,4],"1":[1,3],"2":[0,0],"3":[0,0],"4":[0,0],"5":[0,0]}}
,"C:\\Users\\Milan\\source\\repos\\react-crud-master\\src\\components\\reactCrudMaster\\reactCrudMaster.css": {"path":"C:\\Users\\Milan\\source\\repos\\react-crud-master\\src\\components\\reactCrudMaster\\reactCrudMaster.css","statementMap":{"0":{"start":{"line":4,"column":17},"end":{"line":4,"column":638}},"1":{"start":{"line":6,"column":4},"end":{"line":27,"column":5}},"2":{"start":{"line":7,"column":8},"end":{"line":9,"column":11}},"3":{"start":{"line":10,"column":8},"end":{"line":21,"column":11}},"4":{"start":{"line":12,"column":16},"end":{"line":14,"column":17}},"5":{"start":{"line":13,"column":20},"end":{"line":13,"column":34}},"6":{"start":{"line":15,"column":16},"end":{"line":15,"column":36}},"7":{"start":{"line":19,"column":16},"end":{"line":19,"column":30}},"8":{"start":{"line":23,"column":8},"end":{"line":25,"column":11}},"9":{"start":{"line":26,"column":8},"end":{"line":26,"column":31}}},"fnMap":{"0":{"name":"(anonymous_0)","decl":{"start":{"line":11,"column":12},"end":{"line":11,"column":13}},"loc":{"start":{"line":11,"column":30},"end":{"line":16,"column":13}},"line":11},"1":{"name":"(anonymous_1)","decl":{"start":{"line":18,"column":12},"end":{"line":18,"column":13}},"loc":{"start":{"line":18,"column":29},"end":{"line":20,"column":13}},"line":18}},"branchMap":{"0":{"loc":{"start":{"line":6,"column":4},"end":{"line":27,"column":5}},"type":"if","locations":[{"start":{"line":6,"column":4},"end":{"line":27,"column":5}},{"start":{"line":6,"column":4},"end":{"line":27,"column":5}}],"line":6},"1":{"loc":{"start":{"line":6,"column":8},"end":{"line":6,"column":44}},"type":"binary-expr","locations":[{"start":{"line":6,"column":8},"end":{"line":6,"column":34}},{"start":{"line":6,"column":38},"end":{"line":6,"column":44}}],"line":6},"2":{"loc":{"start":{"line":12,"column":16},"end":{"line":14,"column":17}},"type":"if","locations":[{"start":{"line":12,"column":16},"end":{"line":14,"column":17}},{"start":{"line":12,"column":16},"end":{"line":14,"column":17}}],"line":12}},"s":{"0":1,"1":1,"2":1,"3":1,"4":0,"5":0,"6":0,"7":0,"8":0,"9":0},"f":{"0":0,"1":0},"b":{"0":[1,0],"1":[1,1],"2":[0,0]},"_coverageSchema":"43e27e138ebf9cfc5966b082cf9a028302ed4184","hash":"5007ba5b264e977d276328cb855b9dbc21129627"}
,"C:\\Users\\Milan\\source\\repos\\react-crud-master\\src\\components\\reactCrudMaster\\reactCrudMaster.reducer.ts": {"path":"C:\\Users\\Milan\\source\\repos\\react-crud-master\\src\\components\\reactCrudMaster\\reactCrudMaster.reducer.ts","statementMap":{"0":{"start":{"line":1,"column":0},"end":{"line":1,"column":null}},"1":{"start":{"line":14,"column":0},"end":{"line":14,"column":40}},"2":{"start":{"line":15,"column":0},"end":{"line":15,"column":67}},"3":{"start":{"line":16,"column":13},"end":{"line":29,"column":null}},"4":{"start":{"line":32,"column":4},"end":{"line":32,"column":null}},"5":{"start":{"line":35,"column":4},"end":{"line":36,"column":21}},"6":{"start":{"line":36,"column":8},"end":{"line":36,"column":21}},"7":{"start":{"line":38,"column":4},"end":{"line":125,"column":null}},"8":{"start":{"line":40,"column":12},"end":{"line":40,"column":null}},"9":{"start":{"line":42,"column":12},"end":{"line":46,"column":19}},"10":{"start":{"line":50,"column":46},"end":{"line":50,"column":52}},"11":{"start":{"line":52,"column":12},"end":{"line":55,"column":19}},"12":{"start":{"line":59,"column":12},"end":{"line":59,"column":49}},"13":{"start":{"line":61,"column":24},"end":{"line":61,"column":46}},"14":{"start":{"line":62,"column":28},"end":{"line":69,"column":14}},"15":{"start":{"line":63,"column":16},"end":{"line":67,"column":null}},"16":{"start":{"line":64,"column":20},"end":{"line":66,"column":null}},"17":{"start":{"line":65,"column":24},"end":{"line":65,"column":68}},"18":{"start":{"line":68,"column":16},"end":{"line":68,"column":32}},"19":{"start":{"line":71,"column":29},"end":{"line":71,"column":30}},"20":{"start":{"line":72,"column":12},"end":{"line":74,"column":15}},"21":{"start":{"line":73,"column":16},"end":{"line":73,"column":45}},"22":{"start":{"line":75,"column":27},"end":{"line":75,"column":110}},"23":{"start":{"line":77,"column":12},"end":{"line":77,"column":28}},"24":{"start":{"line":80,"column":56},"end":{"line":80,"column":62}},"25":{"start":{"line":81,"column":16},"end":{"line":81,"column":18}},"26":{"start":{"line":81,"column":18},"end":{"line":81,"column":24}},"27":{"start":{"line":81,"column":26},"end":{"line":81,"column":58}},"28":{"start":{"line":83,"column":12},"end":{"line":84,"column":null}},"29":{"start":{"line":84,"column":16},"end":{"line":84,"column":null}},"30":{"start":{"line":85,"column":12},"end":{"line":85,"column":null}},"31":{"start":{"line":89,"column":28},"end":{"line":89,"column":75}},"32":{"start":{"line":90,"column":12},"end":{"line":90,"column":null}},"33":{"start":{"line":94,"column":48},"end":{"line":94,"column":54}},"34":{"start":{"line":95,"column":12},"end":{"line":95,"column":null}},"35":{"start":{"line":99,"column":59},"end":{"line":99,"column":65}},"36":{"start":{"line":100,"column":28},"end":{"line":114,"column":14}},"37":{"start":{"line":102,"column":16},"end":{"line":111,"column":null}},"38":{"start":{"line":104,"column":20},"end":{"line":108,"column":55}},"39":{"start":{"line":105,"column":24},"end":{"line":105,"column":55}},"40":{"start":{"line":106,"column":25},"end":{"line":108,"column":55}},"41":{"start":{"line":107,"column":24},"end":{"line":107,"column":51}},"42":{"start":{"line":108,"column":25},"end":{"line":108,"column":55}},"43":{"start":{"line":110,"column":20},"end":{"line":110,"column":null}},"44":{"start":{"line":113,"column":16},"end":{"line":113,"column":30}},"45":{"start":{"line":116,"column":12},"end":{"line":116,"column":null}},"46":{"start":{"line":120,"column":52},"end":{"line":120,"column":58}},"47":{"start":{"line":121,"column":12},"end":{"line":121,"column":null}},"48":{"start":{"line":124,"column":12},"end":{"line":124,"column":null}},"49":{"start":{"line":31,"column":0},"end":{"line":31,"column":16}}},"fnMap":{"0":{"name":"reactCrudMasterReducer","decl":{"start":{"line":31,"column":16},"end":{"line":31,"column":38}},"loc":{"start":{"line":33,"column":37},"end":{"line":126,"column":1}}},"1":{"name":"(anonymous_4)","decl":{"start":{"line":62,"column":48},"end":{"line":62,"column":56}},"loc":{"start":{"line":62,"column":56},"end":{"line":69,"column":13}}},"2":{"name":"(anonymous_5)","decl":{"start":{"line":72,"column":30},"end":{"line":72,"column":38}},"loc":{"start":{"line":72,"column":38},"end":{"line":74,"column":13}}},"3":{"name":"(anonymous_6)","decl":{"start":{"line":100,"column":48},"end":{"line":100,"column":49}},"loc":{"start":{"line":100,"column":55},"end":{"line":114,"column":13}}}},"branchMap":{"0":{"loc":{"start":{"line":32,"column":4},"end":{"line":32,"column":null}},"type":"if","locations":[{"start":{"line":32,"column":4},"end":{"line":32,"column":null}},{"start":{"line":32,"column":4},"end":{"line":32,"column":null}}]},"1":{"loc":{"start":{"line":35,"column":4},"end":{"line":36,"column":21}},"type":"if","locations":[{"start":{"line":35,"column":4},"end":{"line":36,"column":21}},{"start":{"line":35,"column":4},"end":{"line":36,"column":21}}]},"2":{"loc":{"start":{"line":39,"column":8},"end":{"line":47,"column":null}},"type":"switch","locations":[{"start":{"line":39,"column":8},"end":{"line":47,"column":null}},{"start":{"line":49,"column":8},"end":{"line":56,"column":null}},{"start":{"line":58,"column":8},"end":{"line":77,"column":28}},{"start":{"line":79,"column":8},"end":{"line":86,"column":null}},{"start":{"line":88,"column":8},"end":{"line":91,"column":null}},{"start":{"line":93,"column":8},"end":{"line":96,"column":null}},{"start":{"line":98,"column":8},"end":{"line":117,"column":null}},{"start":{"line":119,"column":8},"end":{"line":122,"column":null}},{"start":{"line":123,"column":8},"end":{"line":124,"column":null}}]},"3":{"loc":{"start":{"line":63,"column":16},"end":{"line":67,"column":null}},"type":"if","locations":[{"start":{"line":63,"column":16},"end":{"line":67,"column":null}},{"start":{"line":63,"column":16},"end":{"line":67,"column":null}}]},"4":{"loc":{"start":{"line":64,"column":20},"end":{"line":66,"column":null}},"type":"if","locations":[{"start":{"line":64,"column":20},"end":{"line":66,"column":null}},{"start":{"line":64,"column":20},"end":{"line":66,"column":null}}]},"5":{"loc":{"start":{"line":83,"column":12},"end":{"line":84,"column":null}},"type":"if","locations":[{"start":{"line":83,"column":12},"end":{"line":84,"column":null}},{"start":{"line":83,"column":12},"end":{"line":84,"column":null}}]},"6":{"loc":{"start":{"line":102,"column":16},"end":{"line":111,"column":null}},"type":"if","locations":[{"start":{"line":102,"column":16},"end":{"line":111,"column":null}},{"start":{"line":102,"column":16},"end":{"line":111,"column":null}}]},"7":{"loc":{"start":{"line":104,"column":20},"end":{"line":108,"column":55}},"type":"if","locations":[{"start":{"line":104,"column":20},"end":{"line":108,"column":55}},{"start":{"line":104,"column":20},"end":{"line":108,"column":55}}]},"8":{"loc":{"start":{"line":106,"column":25},"end":{"line":108,"column":55}},"type":"if","locations":[{"start":{"line":106,"column":25},"end":{"line":108,"column":55}},{"start":{"line":106,"column":25},"end":{"line":108,"column":55}}]}},"s":{"0":1,"1":1,"2":1,"3":1,"4":37,"5":31,"6":18,"7":13,"8":4,"9":4,"10":4,"11":4,"12":0,"13":0,"14":0,"15":0,"16":0,"17":0,"18":0,"19":0,"20":0,"21":0,"22":0,"23":0,"24":0,"25":0,"26":0,"27":0,"28":0,"29":0,"30":0,"31":4,"32":4,"33":0,"34":0,"35":0,"36":0,"37":0,"38":0,"39":0,"40":0,"41":0,"42":0,"43":0,"44":0,"45":0,"46":1,"47":1,"48":0,"49":1},"f":{"0":31,"1":0,"2":0,"3":0},"b":{"0":[6,25],"1":[18,13],"2":[4,4,0,0,4,0,0,1,0],"3":[0,0],"4":[0,0],"5":[0,0],"6":[0,0],"7":[0,0],"8":[0,0]}}
,"C:\\Users\\Milan\\source\\repos\\react-crud-master\\src\\components\\reactCrudMaster\\reactCrudMaster.types.ts": {"path":"C:\\Users\\Milan\\source\\repos\\react-crud-master\\src\\components\\reactCrudMaster\\reactCrudMaster.types.ts","statementMap":{"0":{"start":{"line":7,"column":13},"end":{"line":16,"column":null}},"1":{"start":{"line":92,"column":13},"end":{"line":107,"column":null}},"2":{"start":{"line":93,"column":2},"end":{"line":106,"column":null}},"3":{"start":{"line":115,"column":13},"end":{"line":131,"column":2}},"4":{"start":{"line":116,"column":2},"end":{"line":130,"column":null}}},"fnMap":{"0":{"name":"(anonymous_0)","decl":{"start":{"line":92,"column":28},"end":{"line":92,"column":null}},"loc":{"start":{"line":92,"column":28},"end":{"line":107,"column":1}}},"1":{"name":"(anonymous_1)","decl":{"start":{"line":115,"column":48},"end":{"line":115,"column":null}},"loc":{"start":{"line":115,"column":48},"end":{"line":131,"column":1}}}},"branchMap":{},"s":{"0":1,"1":1,"2":4,"3":1,"4":6},"f":{"0":4,"1":6},"b":{}}
,"C:\\Users\\Milan\\source\\repos\\react-crud-master\\src\\components\\tableBody\\tableBody.component.tsx": {"path":"C:\\Users\\Milan\\source\\repos\\react-crud-master\\src\\components\\tableBody\\tableBody.component.tsx","statementMap":{"0":{"start":{"line":1,"column":0},"end":{"line":1,"column":41}},"1":{"start":{"line":2,"column":0},"end":{"line":2,"column":null}},"2":{"start":{"line":5,"column":0},"end":{"line":5,"column":27}},"3":{"start":{"line":6,"column":0},"end":{"line":6,"column":48}},"4":{"start":{"line":8,"column":0},"end":{"line":8,"column":37}},"5":{"start":{"line":10,"column":0},"end":{"line":10,"column":145}},"6":{"start":{"line":11,"column":0},"end":{"line":11,"column":78}},"7":{"start":{"line":14,"column":0},"end":{"line":14,"column":74}},"8":{"start":{"line":14,"column":33},"end":{"line":14,"column":42}},"9":{"start":{"line":16,"column":8},"end":{"line":16,"column":null}},"10":{"start":{"line":20,"column":4},"end":{"line":22,"column":6}},"11":{"start":{"line":21,"column":8},"end":{"line":21,"column":34}},"12":{"start":{"line":24,"column":4},"end":{"line":28,"column":null}},"13":{"start":{"line":25,"column":8},"end":{"line":25,"column":27}},"14":{"start":{"line":26,"column":8},"end":{"line":26,"column":32}},"15":{"start":{"line":27,"column":8},"end":{"line":27,"column":31}},"16":{"start":{"line":30,"column":4},"end":{"line":34,"column":6}},"17":{"start":{"line":31,"column":8},"end":{"line":33,"column":null}},"18":{"start":{"line":32,"column":12},"end":{"line":32,"column":60}},"19":{"start":{"line":36,"column":4},"end":{"line":47,"column":null}},"20":{"start":{"line":37,"column":16},"end":{"line":37,"column":44}},"21":{"start":{"line":38,"column":8},"end":{"line":38,"column":null}},"22":{"start":{"line":40,"column":16},"end":{"line":40,"column":110}},"23":{"start":{"line":41,"column":8},"end":{"line":46,"column":null}},"24":{"start":{"line":42,"column":12},"end":{"line":46,"column":null}},"25":{"start":{"line":42,"column":25},"end":{"line":42,"column":26}},"26":{"start":{"line":43,"column":16},"end":{"line":43,"column":49}},"27":{"start":{"line":44,"column":16},"end":{"line":44,"column":58}},"28":{"start":{"line":45,"column":16},"end":{"line":45,"column":76}},"29":{"start":{"line":17,"column":8},"end":{"line":17,"column":36}},"30":{"start":{"line":49,"column":4},"end":{"line":84,"column":null}},"31":{"start":{"line":49,"column":4},"end":{"line":49,"column":10}},"32":{"start":{"line":50,"column":8},"end":{"line":83,"column":10}},"33":{"start":{"line":51,"column":135},"end":{"line":51,"column":null}},"34":{"start":{"line":63,"column":32},"end":{"line":78,"column":34}},"35":{"start":{"line":69,"column":55},"end":{"line":69,"column":null}},"36":{"start":{"line":70,"column":67},"end":{"line":70,"column":null}},"37":{"start":{"line":74,"column":48},"end":{"line":74,"column":207}},"38":{"start":{"line":85,"column":0},"end":{"line":85,"column":null}},"39":{"start":{"line":89,"column":27},"end":{"line":93,"column":1}},"40":{"start":{"line":90,"column":4},"end":{"line":92,"column":6}},"41":{"start":{"line":91,"column":29},"end":{"line":91,"column":null}},"42":{"start":{"line":95,"column":24},"end":{"line":106,"column":1}},"43":{"start":{"line":96,"column":4},"end":{"line":105,"column":29}},"44":{"start":{"line":108,"column":0},"end":{"line":108,"column":154}}},"fnMap":{"0":{"name":"(anonymous_7)","decl":{"start":{"line":14,"column":0},"end":{"line":14,"column":33}},"loc":{"start":{"line":14,"column":0},"end":{"line":85,"column":null}}},"1":{"name":"TableBodyComponent","decl":{"start":{"line":15,"column":4},"end":{"line":15,"column":16}},"loc":{"start":{"line":15,"column":37},"end":{"line":18,"column":5}}},"2":{"name":"(anonymous_9)","decl":{"start":{"line":20,"column":19},"end":{"line":20,"column":20}},"loc":{"start":{"line":20,"column":28},"end":{"line":22,"column":5}}},"3":{"name":"(anonymous_10)","decl":{"start":{"line":24,"column":24},"end":{"line":24,"column":25}},"loc":{"start":{"line":24,"column":41},"end":{"line":28,"column":5}}},"4":{"name":"(anonymous_11)","decl":{"start":{"line":30,"column":22},"end":{"line":30,"column":23}},"loc":{"start":{"line":30,"column":29},"end":{"line":34,"column":5}}},"5":{"name":"(anonymous_12)","decl":{"start":{"line":36,"column":17},"end":{"line":36,"column":18}},"loc":{"start":{"line":36,"column":24},"end":{"line":47,"column":5}}},"6":{"name":"(anonymous_13)","decl":{"start":{"line":49,"column":4},"end":{"line":49,"column":10}},"loc":{"start":{"line":49,"column":4},"end":{"line":84,"column":5}}},"7":{"name":"(anonymous_14)","decl":{"start":{"line":51,"column":123},"end":{"line":51,"column":124}},"loc":{"start":{"line":51,"column":130},"end":{"line":51,"column":139}}},"8":{"name":"(anonymous_15)","decl":{"start":{"line":62,"column":48},"end":{"line":62,"column":49}},"loc":{"start":{"line":62,"column":63},"end":{"line":79,"column":29}}},"9":{"name":"(anonymous_16)","decl":{"start":{"line":69,"column":49},"end":{"line":69,"column":55}},"loc":{"start":{"line":69,"column":49},"end":{"line":69,"column":59}}},"10":{"name":"(anonymous_17)","decl":{"start":{"line":70,"column":55},"end":{"line":70,"column":56}},"loc":{"start":{"line":70,"column":62},"end":{"line":70,"column":71}}},"11":{"name":"(anonymous_18)","decl":{"start":{"line":73,"column":69},"end":{"line":73,"column":70}},"loc":{"start":{"line":73,"column":85},"end":{"line":75,"column":45}}},"12":{"name":"(anonymous_19)","decl":{"start":{"line":89,"column":27},"end":{"line":89,"column":28}},"loc":{"start":{"line":89,"column":64},"end":{"line":93,"column":1}}},"13":{"name":"(anonymous_20)","decl":{"start":{"line":91,"column":18},"end":{"line":91,"column":19}},"loc":{"start":{"line":91,"column":26},"end":{"line":91,"column":37}}},"14":{"name":"(anonymous_21)","decl":{"start":{"line":95,"column":24},"end":{"line":95,"column":25}},"loc":{"start":{"line":95,"column":40},"end":{"line":106,"column":1}}}},"branchMap":{"0":{"loc":{"start":{"line":16,"column":8},"end":{"line":16,"column":20}},"type":"binary-expr","locations":[{"start":{"line":16,"column":8},"end":{"line":16,"column":20}},{"start":{"line":16,"column":20},"end":{"line":16,"column":null}}]},"1":{"loc":{"start":{"line":31,"column":8},"end":{"line":33,"column":null}},"type":"if","locations":[{"start":{"line":31,"column":8},"end":{"line":33,"column":null}},{"start":{"line":31,"column":8},"end":{"line":33,"column":null}}]},"2":{"loc":{"start":{"line":41,"column":8},"end":{"line":46,"column":null}},"type":"if","locations":[{"start":{"line":41,"column":8},"end":{"line":46,"column":null}},{"start":{"line":41,"column":8},"end":{"line":46,"column":null}}]},"3":{"loc":{"start":{"line":67,"column":80},"end":{"line":67,"column":93}},"type":"cond-expr","locations":[{"start":{"line":67,"column":80},"end":{"line":67,"column":93}},{"start":{"line":67,"column":96},"end":{"line":67,"column":98}}]}},"s":{"0":1,"1":1,"2":1,"3":1,"4":1,"5":1,"6":1,"7":1,"8":1,"9":4,"10":4,"11":0,"12":4,"13":0,"14":0,"15":0,"16":4,"17":0,"18":0,"19":4,"20":0,"21":0,"22":0,"23":0,"24":0,"25":0,"26":0,"27":0,"28":0,"29":4,"30":1,"31":8,"32":8,"33":0,"34":60,"35":0,"36":0,"37":300,"38":1,"39":1,"40":4,"41":0,"42":1,"43":8,"44":1},"f":{"0":1,"1":4,"2":0,"3":0,"4":0,"5":0,"6":8,"7":0,"8":60,"9":0,"10":0,"11":300,"12":4,"13":0,"14":8},"b":{"0":[4,4],"1":[0,0],"2":[0,0],"3":[0,60]}}
,"C:\\Users\\Milan\\source\\repos\\react-crud-master\\src\\components\\tableBody\\tableBody.types.ts": {"path":"C:\\Users\\Milan\\source\\repos\\react-crud-master\\src\\components\\tableBody\\tableBody.types.ts","statementMap":{"0":{"start":{"line":4,"column":13},"end":{"line":6,"column":null}},"1":{"start":{"line":22,"column":13},"end":{"line":26,"column":null}},"2":{"start":{"line":23,"column":2},"end":{"line":25,"column":null}},"3":{"start":{"line":31,"column":13},"end":{"line":34,"column":2}},"4":{"start":{"line":32,"column":2},"end":{"line":33,"column":null}}},"fnMap":{"0":{"name":"(anonymous_0)","decl":{"start":{"line":22,"column":28},"end":{"line":22,"column":null}},"loc":{"start":{"line":22,"column":28},"end":{"line":26,"column":1}}},"1":{"name":"(anonymous_1)","decl":{"start":{"line":31,"column":42},"end":{"line":31,"column":null}},"loc":{"start":{"line":31,"column":42},"end":{"line":34,"column":1}}}},"branchMap":{},"s":{"0":1,"1":1,"2":4,"3":1,"4":0},"f":{"0":4,"1":0},"b":{}}
,"C:\\Users\\Milan\\source\\repos\\react-crud-master\\src\\components\\tableFooter\\tableFooter.component.tsx": {"path":"C:\\Users\\Milan\\source\\repos\\react-crud-master\\src\\components\\tableFooter\\tableFooter.component.tsx","statementMap":{"0":{"start":{"line":1,"column":0},"end":{"line":1,"column":65}},"1":{"start":{"line":3,"column":0},"end":{"line":3,"column":null}},"2":{"start":{"line":19,"column":0},"end":{"line":19,"column":47}},"3":{"start":{"line":24,"column":0},"end":{"line":24,"column":38}},"4":{"start":{"line":25,"column":0},"end":{"line":25,"column":66}},"5":{"start":{"line":27,"column":0},"end":{"line":27,"column":80}},"6":{"start":{"line":27,"column":35},"end":{"line":27,"column":44}},"7":{"start":{"line":29,"column":8},"end":{"line":29,"column":null}},"8":{"start":{"line":34,"column":4},"end":{"line":149,"column":6}},"9":{"start":{"line":35,"column":26},"end":{"line":35,"column":56}},"10":{"start":{"line":37,"column":8},"end":{"line":95,"column":14}},"11":{"start":{"line":38,"column":12},"end":{"line":95,"column":14}},"12":{"start":{"line":48,"column":79},"end":{"line":48,"column":null}},"13":{"start":{"line":96,"column":8},"end":{"line":148,"column":10}},"14":{"start":{"line":102,"column":41},"end":{"line":102,"column":null}},"15":{"start":{"line":30,"column":8},"end":{"line":30,"column":24}},"16":{"start":{"line":152,"column":0},"end":{"line":152,"column":null}},"17":{"start":{"line":154,"column":27},"end":{"line":158,"column":1}},"18":{"start":{"line":155,"column":4},"end":{"line":157,"column":6}},"19":{"start":{"line":156,"column":29},"end":{"line":156,"column":null}},"20":{"start":{"line":160,"column":24},"end":{"line":163,"column":1}},"21":{"start":{"line":161,"column":4},"end":{"line":162,"column":31}},"22":{"start":{"line":165,"column":0},"end":{"line":165,"column":162}}},"fnMap":{"0":{"name":"(anonymous_9)","decl":{"start":{"line":27,"column":0},"end":{"line":27,"column":35}},"loc":{"start":{"line":27,"column":0},"end":{"line":152,"column":null}}},"1":{"name":"TableFooterComponent","decl":{"start":{"line":28,"column":4},"end":{"line":28,"column":16}},"loc":{"start":{"line":28,"column":39},"end":{"line":31,"column":5}}},"2":{"name":"(anonymous_11)","decl":{"start":{"line":34,"column":13},"end":{"line":34,"column":null}},"loc":{"start":{"line":34,"column":13},"end":{"line":149,"column":5}}},"3":{"name":"(anonymous_12)","decl":{"start":{"line":48,"column":75},"end":{"line":48,"column":79}},"loc":{"start":{"line":48,"column":75},"end":{"line":48,"column":83}}},"4":{"name":"(anonymous_13)","decl":{"start":{"line":102,"column":37},"end":{"line":102,"column":41}},"loc":{"start":{"line":102,"column":37},"end":{"line":102,"column":45}}},"5":{"name":"(anonymous_14)","decl":{"start":{"line":154,"column":27},"end":{"line":154,"column":28}},"loc":{"start":{"line":154,"column":100},"end":{"line":158,"column":1}}},"6":{"name":"(anonymous_15)","decl":{"start":{"line":156,"column":23},"end":{"line":156,"column":29}},"loc":{"start":{"line":156,"column":23},"end":{"line":156,"column":37}}},"7":{"name":"(anonymous_16)","decl":{"start":{"line":160,"column":24},"end":{"line":160,"column":25}},"loc":{"start":{"line":160,"column":68},"end":{"line":163,"column":1}}}},"branchMap":{"0":{"loc":{"start":{"line":29,"column":8},"end":{"line":29,"column":20}},"type":"binary-expr","locations":[{"start":{"line":29,"column":8},"end":{"line":29,"column":20}},{"start":{"line":29,"column":20},"end":{"line":29,"column":null}}]},"1":{"loc":{"start":{"line":37,"column":8},"end":{"line":95,"column":14}},"type":"if","locations":[{"start":{"line":37,"column":8},"end":{"line":95,"column":14}},{"start":{"line":37,"column":8},"end":{"line":95,"column":14}}]}},"s":{"0":1,"1":1,"2":1,"3":1,"4":1,"5":1,"6":1,"7":4,"8":4,"9":4,"10":4,"11":4,"12":0,"13":0,"14":0,"15":4,"16":1,"17":1,"18":4,"19":0,"20":1,"21":8,"22":1},"f":{"0":1,"1":4,"2":4,"3":0,"4":0,"5":4,"6":0,"7":8},"b":{"0":[4,4],"1":[4,0]}}
,"C:\\Users\\Milan\\source\\repos\\react-crud-master\\src\\components\\tableHeader\\tableHeader.component.tsx": {"path":"C:\\Users\\Milan\\source\\repos\\react-crud-master\\src\\components\\tableHeader\\tableHeader.component.tsx","statementMap":{"0":{"start":{"line":1,"column":0},"end":{"line":1,"column":65}},"1":{"start":{"line":2,"column":0},"end":{"line":2,"column":null}},"2":{"start":{"line":7,"column":0},"end":{"line":7,"column":27}},"3":{"start":{"line":8,"column":0},"end":{"line":8,"column":48}},"4":{"start":{"line":10,"column":0},"end":{"line":10,"column":47}},"5":{"start":{"line":16,"column":0},"end":{"line":16,"column":157}},"6":{"start":{"line":17,"column":0},"end":{"line":17,"column":84}},"7":{"start":{"line":18,"column":0},"end":{"line":18,"column":75}},"8":{"start":{"line":20,"column":0},"end":{"line":20,"column":26}},"9":{"start":{"line":22,"column":0},"end":{"line":22,"column":80}},"10":{"start":{"line":22,"column":35},"end":{"line":22,"column":44}},"11":{"start":{"line":24,"column":8},"end":{"line":24,"column":null}},"12":{"start":{"line":28,"column":4},"end":{"line":30,"column":6}},"13":{"start":{"line":92,"column":4},"end":{"line":94,"column":6}},"14":{"start":{"line":93,"column":8},"end":{"line":93,"column":48}},"15":{"start":{"line":25,"column":8},"end":{"line":25,"column":36}},"16":{"start":{"line":32,"column":4},"end":{"line":82,"column":null}},"17":{"start":{"line":32,"column":4},"end":{"line":32,"column":10}},"18":{"start":{"line":33,"column":8},"end":{"line":81,"column":10}},"19":{"start":{"line":36,"column":24},"end":{"line":36,"column":52}},"20":{"start":{"line":37,"column":24},"end":{"line":37,"column":52}},"21":{"start":{"line":38,"column":16},"end":{"line":38,"column":null}},"22":{"start":{"line":46,"column":32},"end":{"line":74,"column":34}},"23":{"start":{"line":53,"column":96},"end":{"line":53,"column":null}},"24":{"start":{"line":58,"column":65},"end":{"line":58,"column":null}},"25":{"start":{"line":68,"column":62},"end":{"line":68,"column":null}},"26":{"start":{"line":69,"column":62},"end":{"line":69,"column":null}},"27":{"start":{"line":84,"column":4},"end":{"line":90,"column":null}},"28":{"start":{"line":86,"column":8},"end":{"line":86,"column":48}},"29":{"start":{"line":87,"column":8},"end":{"line":87,"column":54}},"30":{"start":{"line":88,"column":8},"end":{"line":88,"column":50}},"31":{"start":{"line":89,"column":8},"end":{"line":89,"column":48}},"32":{"start":{"line":95,"column":0},"end":{"line":95,"column":null}},"33":{"start":{"line":99,"column":27},"end":{"line":108,"column":1}},"34":{"start":{"line":100,"column":4},"end":{"line":107,"column":6}},"35":{"start":{"line":101,"column":49},"end":{"line":101,"column":null}},"36":{"start":{"line":102,"column":41},"end":{"line":102,"column":null}},"37":{"start":{"line":103,"column":28},"end":{"line":103,"column":62}},"38":{"start":{"line":103,"column":62},"end":{"line":103,"column":89}},"39":{"start":{"line":103,"column":89},"end":{"line":103,"column":null}},"40":{"start":{"line":104,"column":37},"end":{"line":104,"column":null}},"41":{"start":{"line":105,"column":52},"end":{"line":105,"column":null}},"42":{"start":{"line":106,"column":47},"end":{"line":106,"column":null}},"43":{"start":{"line":110,"column":24},"end":{"line":119,"column":1}},"44":{"start":{"line":111,"column":4},"end":{"line":118,"column":31}},"45":{"start":{"line":121,"column":0},"end":{"line":121,"column":162}}},"fnMap":{"0":{"name":"(anonymous_7)","decl":{"start":{"line":22,"column":0},"end":{"line":22,"column":35}},"loc":{"start":{"line":22,"column":0},"end":{"line":95,"column":null}}},"1":{"name":"TableHeaderComponent","decl":{"start":{"line":23,"column":4},"end":{"line":23,"column":16}},"loc":{"start":{"line":23,"column":39},"end":{"line":26,"column":5}}},"2":{"name":"(anonymous_9)","decl":{"start":{"line":28,"column":24},"end":{"line":28,"column":null}},"loc":{"start":{"line":28,"column":24},"end":{"line":30,"column":5}}},"3":{"name":"(anonymous_10)","decl":{"start":{"line":92,"column":16},"end":{"line":92,"column":17}},"loc":{"start":{"line":92,"column":33},"end":{"line":94,"column":5}}},"4":{"name":"(anonymous_11)","decl":{"start":{"line":32,"column":4},"end":{"line":32,"column":10}},"loc":{"start":{"line":32,"column":4},"end":{"line":82,"column":5}}},"5":{"name":"(anonymous_12)","decl":{"start":{"line":34,"column":70},"end":{"line":34,"column":null}},"loc":{"start":{"line":34,"column":70},"end":{"line":39,"column":13}}},"6":{"name":"(anonymous_13)","decl":{"start":{"line":45,"column":54},"end":{"line":45,"column":55}},"loc":{"start":{"line":45,"column":61},"end":{"line":75,"column":29}}},"7":{"name":"(anonymous_14)","decl":{"start":{"line":53,"column":90},"end":{"line":53,"column":96}},"loc":{"start":{"line":53,"column":90},"end":{"line":53,"column":100}}},"8":{"name":"(anonymous_15)","decl":{"start":{"line":58,"column":61},"end":{"line":58,"column":65}},"loc":{"start":{"line":58,"column":61},"end":{"line":58,"column":69}}},"9":{"name":"(anonymous_16)","decl":{"start":{"line":68,"column":57},"end":{"line":68,"column":58}},"loc":{"start":{"line":68,"column":58},"end":{"line":68,"column":63}}},"10":{"name":"(anonymous_17)","decl":{"start":{"line":69,"column":57},"end":{"line":69,"column":58}},"loc":{"start":{"line":69,"column":58},"end":{"line":69,"column":66}}},"11":{"name":"(anonymous_18)","decl":{"start":{"line":84,"column":4},"end":{"line":84,"column":21}},"loc":{"start":{"line":84,"column":46},"end":{"line":90,"column":5}}},"12":{"name":"(anonymous_19)","decl":{"start":{"line":99,"column":27},"end":{"line":99,"column":28}},"loc":{"start":{"line":99,"column":95},"end":{"line":108,"column":1}}},"13":{"name":"(anonymous_20)","decl":{"start":{"line":101,"column":22},"end":{"line":101,"column":23}},"loc":{"start":{"line":101,"column":44},"end":{"line":101,"column":57}}},"14":{"name":"(anonymous_21)","decl":{"start":{"line":102,"column":22},"end":{"line":102,"column":23}},"loc":{"start":{"line":102,"column":36},"end":{"line":102,"column":49}}},"15":{"name":"(anonymous_22)","decl":{"start":{"line":103,"column":27},"end":{"line":103,"column":28}},"loc":{"start":{"line":103,"column":84},"end":{"line":103,"column":97}}},"16":{"name":"(anonymous_23)","decl":{"start":{"line":104,"column":31},"end":{"line":104,"column":37}},"loc":{"start":{"line":104,"column":31},"end":{"line":104,"column":45}}},"17":{"name":"(anonymous_24)","decl":{"start":{"line":105,"column":30},"end":{"line":105,"column":31}},"loc":{"start":{"line":105,"column":47},"end":{"line":105,"column":60}}},"18":{"name":"(anonymous_25)","decl":{"start":{"line":106,"column":25},"end":{"line":106,"column":26}},"loc":{"start":{"line":106,"column":43},"end":{"line":106,"column":55}}},"19":{"name":"(anonymous_26)","decl":{"start":{"line":110,"column":24},"end":{"line":110,"column":25}},"loc":{"start":{"line":110,"column":68},"end":{"line":119,"column":1}}}},"branchMap":{"0":{"loc":{"start":{"line":24,"column":8},"end":{"line":24,"column":20}},"type":"binary-expr","locations":[{"start":{"line":24,"column":8},"end":{"line":24,"column":20}},{"start":{"line":24,"column":20},"end":{"line":24,"column":null}}]},"1":{"loc":{"start":{"line":54,"column":49},"end":{"line":54,"column":76}},"type":"binary-expr","locations":[{"start":{"line":54,"column":49},"end":{"line":54,"column":76}},{"start":{"line":54,"column":80},"end":{"line":54,"column":101}}]},"2":{"loc":{"start":{"line":103,"column":28},"end":{"line":103,"column":62}},"type":"if","locations":[{"start":{"line":103,"column":28},"end":{"line":103,"column":62}},{"start":{"line":103,"column":28},"end":{"line":103,"column":62}}]},"3":{"loc":{"start":{"line":103,"column":62},"end":{"line":103,"column":89}},"type":"if","locations":[{"start":{"line":103,"column":62},"end":{"line":103,"column":89}},{"start":{"line":103,"column":62},"end":{"line":103,"column":89}}]}},"s":{"0":1,"1":1,"2":1,"3":1,"4":1,"5":1,"6":1,"7":1,"8":1,"9":1,"10":1,"11":4,"12":4,"13":4,"14":0,"15":4,"16":1,"17":8,"18":8,"19":0,"20":0,"21":0,"22":20,"23":0,"24":0,"25":0,"26":0,"27":1,"28":0,"29":0,"30":0,"31":0,"32":1,"33":1,"34":4,"35":0,"36":0,"37":0,"38":0,"39":0,"40":0,"41":0,"42":0,"43":1,"44":8,"45":1},"f":{"0":1,"1":4,"2":4,"3":0,"4":8,"5":0,"6":20,"7":0,"8":0,"9":0,"10":0,"11":0,"12":4,"13":0,"14":0,"15":0,"16":0,"17":0,"18":0,"19":8},"b":{"0":[4,4],"1":[20,0],"2":[0,0],"3":[0,0]}}
,"C:\\Users\\Milan\\source\\repos\\react-crud-master\\src\\components\\tableHeader\\tableHeader.css": {"path":"C:\\Users\\Milan\\source\\repos\\react-crud-master\\src\\components\\tableHeader\\tableHeader.css","statementMap":{"0":{"start":{"line":4,"column":17},"end":{"line":4,"column":222}},"1":{"start":{"line":6,"column":4},"end":{"line":27,"column":5}},"2":{"start":{"line":7,"column":8},"end":{"line":9,"column":11}},"3":{"start":{"line":10,"column":8},"end":{"line":21,"column":11}},"4":{"start":{"line":12,"column":16},"end":{"line":14,"column":17}},"5":{"start":{"line":13,"column":20},"end":{"line":13,"column":34}},"6":{"start":{"line":15,"column":16},"end":{"line":15,"column":36}},"7":{"start":{"line":19,"column":16},"end":{"line":19,"column":30}},"8":{"start":{"line":23,"column":8},"end":{"line":25,"column":11}},"9":{"start":{"line":26,"column":8},"end":{"line":26,"column":31}}},"fnMap":{"0":{"name":"(anonymous_0)","decl":{"start":{"line":11,"column":12},"end":{"line":11,"column":13}},"loc":{"start":{"line":11,"column":30},"end":{"line":16,"column":13}},"line":11},"1":{"name":"(anonymous_1)","decl":{"start":{"line":18,"column":12},"end":{"line":18,"column":13}},"loc":{"start":{"line":18,"column":29},"end":{"line":20,"column":13}},"line":18}},"branchMap":{"0":{"loc":{"start":{"line":6,"column":4},"end":{"line":27,"column":5}},"type":"if","locations":[{"start":{"line":6,"column":4},"end":{"line":27,"column":5}},{"start":{"line":6,"column":4},"end":{"line":27,"column":5}}],"line":6},"1":{"loc":{"start":{"line":6,"column":8},"end":{"line":6,"column":44}},"type":"binary-expr","locations":[{"start":{"line":6,"column":8},"end":{"line":6,"column":34}},{"start":{"line":6,"column":38},"end":{"line":6,"column":44}}],"line":6},"2":{"loc":{"start":{"line":12,"column":16},"end":{"line":14,"column":17}},"type":"if","locations":[{"start":{"line":12,"column":16},"end":{"line":14,"column":17}},{"start":{"line":12,"column":16},"end":{"line":14,"column":17}}],"line":12}},"s":{"0":1,"1":1,"2":1,"3":1,"4":0,"5":0,"6":0,"7":0,"8":0,"9":0},"f":{"0":0,"1":0},"b":{"0":[1,0],"1":[1,1],"2":[0,0]},"_coverageSchema":"43e27e138ebf9cfc5966b082cf9a028302ed4184","hash":"95086e96df6201fc1a2b4d4d78ec885487453df6"}
,"C:\\Users\\Milan\\source\\repos\\react-crud-master\\src\\components\\tableHeader\\tableHeader.types.ts": {"path":"C:\\Users\\Milan\\source\\repos\\react-crud-master\\src\\components\\tableHeader\\tableHeader.types.ts","statementMap":{"0":{"start":{"line":4,"column":13},"end":{"line":6,"column":null}},"1":{"start":{"line":22,"column":13},"end":{"line":26,"column":null}},"2":{"start":{"line":23,"column":2},"end":{"line":25,"column":null}},"3":{"start":{"line":31,"column":13},"end":{"line":34,"column":2}},"4":{"start":{"line":32,"column":2},"end":{"line":33,"column":null}}},"fnMap":{"0":{"name":"(anonymous_0)","decl":{"start":{"line":22,"column":28},"end":{"line":22,"column":null}},"loc":{"start":{"line":22,"column":28},"end":{"line":26,"column":1}}},"1":{"name":"(anonymous_1)","decl":{"start":{"line":31,"column":44},"end":{"line":31,"column":null}},"loc":{"start":{"line":31,"column":44},"end":{"line":34,"column":1}}}},"branchMap":{},"s":{"0":1,"1":1,"2":4,"3":1,"4":0},"f":{"0":4,"1":0},"b":{}}
,"C:\\Users\\Milan\\source\\repos\\react-crud-master\\src\\types\\ColModel.ts": {"path":"C:\\Users\\Milan\\source\\repos\\react-crud-master\\src\\types\\ColModel.ts","statementMap":{"0":{"start":{"line":1,"column":0},"end":{"line":1,"column":13}},"1":{"start":{"line":5,"column":4},"end":{"line":5,"column":23}},"2":{"start":{"line":33,"column":12},"end":{"line":33,"column":34}},"3":{"start":{"line":43,"column":12},"end":{"line":43,"column":31}},"4":{"start":{"line":53,"column":11},"end":{"line":53,"column":29}},"5":{"start":{"line":54,"column":11},"end":{"line":54,"column":30}},"6":{"start":{"line":55,"column":11},"end":{"line":55,"column":39}},"7":{"start":{"line":56,"column":11},"end":{"line":56,"column":45}},"8":{"start":{"line":58,"column":11},"end":{"line":67,"column":null}},"9":{"start":{"line":59,"column":30},"end":{"line":59,"column":46}},"10":{"start":{"line":60,"column":26},"end":{"line":64,"column":10}},"11":{"start":{"line":61,"column":26},"end":{"line":61,"column":48}},"12":{"start":{"line":62,"column":26},"end":{"line":62,"column":48}},"13":{"start":{"line":63,"column":12},"end":{"line":63,"column":45}},"14":{"start":{"line":66,"column":8},"end":{"line":66,"column":53}},"15":{"start":{"line":68,"column":12},"end":{"line":73,"column":6}},"16":{"start":{"line":69,"column":42},"end":{"line":69,"column":88}},"17":{"start":{"line":71,"column":8},"end":{"line":71,"column":42}},"18":{"start":{"line":72,"column":8},"end":{"line":72,"column":42}},"19":{"start":{"line":6,"column":8},"end":{"line":16,"column":null}},"20":{"start":{"line":7,"column":20},"end":{"line":7,"column":50}},"21":{"start":{"line":8,"column":12},"end":{"line":8,"column":40}},"22":{"start":{"line":9,"column":12},"end":{"line":9,"column":38}},"23":{"start":{"line":10,"column":12},"end":{"line":10,"column":39}},"24":{"start":{"line":11,"column":12},"end":{"line":11,"column":42}},"25":{"start":{"line":12,"column":12},"end":{"line":12,"column":38}},"26":{"start":{"line":14,"column":12},"end":{"line":14,"column":41}},"27":{"start":{"line":15,"column":12},"end":{"line":15,"column":36}},"28":{"start":{"line":18,"column":8},"end":{"line":19,"column":19}},"29":{"start":{"line":19,"column":12},"end":{"line":19,"column":19}},"30":{"start":{"line":22,"column":8},"end":{"line":22,"column":34}},"31":{"start":{"line":24,"column":8},"end":{"line":25,"column":null}},"32":{"start":{"line":25,"column":12},"end":{"line":25,"column":null}},"33":{"start":{"line":27,"column":8},"end":{"line":29,"column":null}},"34":{"start":{"line":28,"column":12},"end":{"line":28,"column":null}},"35":{"start":{"line":34,"column":4},"end":{"line":36,"column":null}},"36":{"start":{"line":35,"column":8},"end":{"line":35,"column":30}},"37":{"start":{"line":38,"column":8},"end":{"line":39,"column":null}},"38":{"start":{"line":39,"column":12},"end":{"line":39,"column":null}},"39":{"start":{"line":40,"column":8},"end":{"line":40,"column":31}},"40":{"start":{"line":44,"column":4},"end":{"line":46,"column":null}},"41":{"start":{"line":45,"column":8},"end":{"line":45,"column":27}},"42":{"start":{"line":48,"column":8},"end":{"line":49,"column":null}},"43":{"start":{"line":49,"column":12},"end":{"line":49,"column":null}},"44":{"start":{"line":50,"column":8},"end":{"line":50,"column":28}},"45":{"start":{"line":3,"column":19},"end":{"line":3,"column":44}},"46":{"start":{"line":74,"column":0},"end":{"line":74,"column":null}},"47":{"start":{"line":1,"column":13},"end":{"line":1,"column":21}}},"fnMap":{"0":{"name":"(anonymous_0)","decl":{"start":{"line":1,"column":0},"end":{"line":1,"column":13}},"loc":{"start":{"line":1,"column":0},"end":{"line":1,"column":13}}},"1":{"name":"ColModel","decl":{"start":{"line":5,"column":4},"end":{"line":5,"column":23}},"loc":{"start":{"line":5,"column":47},"end":{"line":31,"column":5}}},"2":{"name":"(anonymous_2)","decl":{"start":{"line":58,"column":45},"end":{"line":58,"column":46}},"loc":{"start":{"line":58,"column":59},"end":{"line":67,"column":5}}},"3":{"name":"(anonymous_3)","decl":{"start":{"line":60,"column":49},"end":{"line":60,"column":50}},"loc":{"start":{"line":60,"column":54},"end":{"line":64,"column":9}}},"4":{"name":"(anonymous_4)","decl":{"start":{"line":68,"column":29},"end":{"line":68,"column":30}},"loc":{"start":{"line":68,"column":42},"end":{"line":73,"column":5}}},"5":{"name":"(anonymous_5)","decl":{"start":{"line":34,"column":4},"end":{"line":34,"column":8}},"loc":{"start":{"line":34,"column":4},"end":{"line":36,"column":5}}},"6":{"name":"(anonymous_6)","decl":{"start":{"line":37,"column":4},"end":{"line":37,"column":17}},"loc":{"start":{"line":37,"column":30},"end":{"line":41,"column":5}}},"7":{"name":"(anonymous_7)","decl":{"start":{"line":44,"column":4},"end":{"line":44,"column":8}},"loc":{"start":{"line":44,"column":4},"end":{"line":46,"column":5}}},"8":{"name":"(anonymous_8)","decl":{"start":{"line":47,"column":4},"end":{"line":47,"column":14}},"loc":{"start":{"line":47,"column":27},"end":{"line":51,"column":5}}}},"branchMap":{"0":{"loc":{"start":{"line":63,"column":39},"end":{"line":63,"column":40}},"type":"cond-expr","locations":[{"start":{"line":63,"column":39},"end":{"line":63,"column":40}},{"start":{"line":63,"column":43},"end":{"line":63,"column":44}}]},"1":{"loc":{"start":{"line":6,"column":8},"end":{"line":16,"column":null}},"type":"if","locations":[{"start":{"line":6,"column":8},"end":{"line":16,"column":null}},{"start":{"line":6,"column":8},"end":{"line":16,"column":null}}]},"2":{"loc":{"start":{"line":18,"column":8},"end":{"line":19,"column":19}},"type":"if","locations":[{"start":{"line":18,"column":8},"end":{"line":19,"column":19}},{"start":{"line":18,"column":8},"end":{"line":19,"column":19}}]},"3":{"loc":{"start":{"line":24,"column":8},"end":{"line":25,"column":null}},"type":"if","locations":[{"start":{"line":24,"column":8},"end":{"line":25,"column":null}},{"start":{"line":24,"column":8},"end":{"line":25,"column":null}}]},"4":{"loc":{"start":{"line":27,"column":8},"end":{"line":29,"column":null}},"type":"if","locations":[{"start":{"line":27,"column":8},"end":{"line":29,"column":null}},{"start":{"line":27,"column":8},"end":{"line":29,"column":null}}]},"5":{"loc":{"start":{"line":38,"column":8},"end":{"line":39,"column":null}},"type":"if","locations":[{"start":{"line":38,"column":8},"end":{"line":39,"column":null}},{"start":{"line":38,"column":8},"end":{"line":39,"column":null}}]},"6":{"loc":{"start":{"line":48,"column":8},"end":{"line":49,"column":null}},"type":"if","locations":[{"start":{"line":48,"column":8},"end":{"line":49,"column":null}},{"start":{"line":48,"column":8},"end":{"line":49,"column":null}}]}},"s":{"0":1,"1":17,"2":17,"3":17,"4":17,"5":17,"6":17,"7":17,"8":17,"9":9,"10":9,"11":6,"12":6,"13":6,"14":9,"15":17,"16":23,"17":23,"18":23,"19":17,"20":1,"21":1,"22":1,"23":1,"24":1,"25":1,"26":1,"27":1,"28":17,"29":6,"30":11,"31":11,"32":9,"33":11,"34":1,"35":1,"36":0,"37":11,"38":0,"39":11,"40":1,"41":382,"42":11,"43":1,"44":11,"45":1,"46":1,"47":1},"f":{"0":1,"1":17,"2":9,"3":6,"4":23,"5":0,"6":11,"7":382,"8":11},"b":{"0":[0,6],"1":[1,16],"2":[6,11],"3":[9,2],"4":[1,10],"5":[0,11],"6":[1,10]}}
}
