TN:
SF:C:\Users\Milan\source\repos\react-crud-master\src\rootReducer.ts
FNF:0
FNH:0
DA:1,1
DA:2,1
DA:3,1
DA:4,1
DA:5,1
DA:8,1
LF:6
LH:6
BRF:0
BRH:0
end_of_record
TN:
SF:C:\Users\Milan\source\repos\react-crud-master\src\actions\actionNamespaces.ts
FNF:0
FNH:0
DA:1,1
DA:2,1
DA:3,1
DA:4,1
LF:4
LH:4
BRF:0
BRH:0
end_of_record
TN:
SF:C:\Users\Milan\source\repos\react-crud-master\src\components\contexMenu.css
FN:11,(anonymous_0)
FN:18,(anonymous_1)
FNF:2
FNH:0
FNDA:0,(anonymous_0)
FNDA:0,(anonymous_1)
DA:4,1
DA:6,1
DA:7,1
DA:10,1
DA:12,0
DA:13,0
DA:15,0
DA:19,0
DA:23,0
DA:26,0
LF:10
LH:4
BRDA:6,0,0,1
BRDA:6,0,1,0
BRDA:6,1,0,1
BRDA:6,1,1,1
BRDA:12,2,0,0
BRDA:12,2,1,0
BRF:6
BRH:3
end_of_record
TN:
SF:C:\Users\Milan\source\repos\react-crud-master\src\components\colMenuModal\colMenuModal.actions.ts
FN:11,openModal
FN:21,closeModal
FNF:2
FNH:0
FNDA:0,openModal
FNDA:0,closeModal
DA:1,1
DA:3,1
DA:9,1
DA:11,1
DA:12,0
DA:21,1
DA:22,0
LF:7
LH:5
BRF:0
BRH:0
end_of_record
TN:
SF:C:\Users\Milan\source\repos\react-crud-master\src\components\colMenuModal\colMenuModal.component.tsx
FN:20,(anonymous_7)
FN:21,ColMenuModalComponent
FN:26,(anonymous_9)
FN:30,(anonymous_10)
FN:57,(anonymous_11)
FN:59,(anonymous_12)
FN:63,(anonymous_13)
FNF:7
FNH:6
FNDA:1,(anonymous_7)
FNDA:4,ColMenuModalComponent
FNDA:4,(anonymous_9)
FNDA:4,(anonymous_10)
FNDA:4,(anonymous_11)
FNDA:0,(anonymous_12)
FNDA:8,(anonymous_13)
DA:1,1
DA:2,1
DA:7,1
DA:8,1
DA:10,1
DA:16,1
DA:17,1
DA:20,1
DA:22,4
DA:23,4
DA:26,4
DA:30,1
DA:31,4
DA:53,1
DA:57,1
DA:58,4
DA:59,0
DA:63,1
DA:64,8
DA:70,1
LF:20
LH:19
BRDA:22,0,0,4
BRDA:22,0,1,4
BRDA:41,1,0,4
BRDA:41,1,1,4
BRDA:45,2,0,4
BRDA:45,2,1,4
BRF:6
BRH:6
end_of_record
TN:
SF:C:\Users\Milan\source\repos\react-crud-master\src\components\colMenuModal\colMenuModal.reducer.ts
FN:6,ColMenuModalReducer
FNF:1
FNH:1
FNDA:31,ColMenuModalReducer
DA:1,1
DA:4,1
DA:6,1
DA:7,37
DA:10,31
DA:11,31
DA:13,0
DA:16,0
DA:18,0
DA:22,0
DA:26,0
LF:11
LH:6
BRDA:7,0,0,6
BRDA:7,0,1,25
BRDA:10,1,0,31
BRDA:10,1,1,0
BRDA:15,2,0,0
BRDA:15,2,1,0
BRDA:15,2,2,0
BRF:7
BRH:3
end_of_record
TN:
SF:C:\Users\Milan\source\repos\react-crud-master\src\components\colMenuModal\colMenuModal.types.ts
FN:27,(anonymous_0)
FN:36,(anonymous_1)
FNF:2
FNH:2
FNDA:4,(anonymous_0)
FNDA:6,(anonymous_1)
DA:1,2
DA:4,2
DA:27,2
DA:28,4
DA:36,2
DA:37,6
LF:6
LH:6
BRF:0
BRH:0
end_of_record
TN:
SF:C:\Users\Milan\source\repos\react-crud-master\src\components\contextMenuModal\contextMenuModal.actions.ts
FN:11,setContextMenuTriggerRef
FNF:1
FNH:1
FNDA:8,setContextMenuTriggerRef
DA:1,1
DA:3,1
DA:9,1
DA:11,1
DA:12,8
LF:5
LH:5
BRF:0
BRH:0
end_of_record
TN:
SF:C:\Users\Milan\source\repos\react-crud-master\src\components\contextMenuModal\contextMenuModal.component.tsx
FN:15,(anonymous_7)
FN:17,(anonymous_9)
FN:20,(anonymous_10)
FN:44,(anonymous_11)
FN:46,(anonymous_12)
FN:50,(anonymous_13)
FNF:6
FNH:6
FNDA:5,(anonymous_7)
FNDA:4,(anonymous_9)
FNDA:8,(anonymous_10)
FNDA:4,(anonymous_11)
FNDA:8,(anonymous_12)
FNDA:12,(anonymous_13)
DA:1,1
DA:5,1
DA:6,1
DA:8,1
DA:11,1
DA:13,1
DA:15,1
DA:17,4
DA:18,4
DA:20,8
DA:39,1
DA:44,1
DA:45,4
DA:46,8
DA:50,1
DA:51,12
DA:57,1
LF:17
LH:17
BRF:0
BRH:0
end_of_record
TN:
SF:C:\Users\Milan\source\repos\react-crud-master\src\components\contextMenuModal\contextMenuModal.reducer.ts
FN:6,ContextMenuModalReducer
FNF:1
FNH:1
FNDA:31,ContextMenuModalReducer
DA:1,1
DA:4,1
DA:6,1
DA:7,37
DA:10,31
DA:11,23
DA:13,8
DA:16,8
DA:18,8
DA:22,0
LF:10
LH:9
BRDA:7,0,0,6
BRDA:7,0,1,25
BRDA:10,1,0,23
BRDA:10,1,1,8
BRDA:15,2,0,8
BRDA:15,2,1,0
BRF:6
BRH:5
end_of_record
TN:
SF:C:\Users\Milan\source\repos\react-crud-master\src\components\contextMenuModal\contextMenuModal.types.ts
FN:6,(anonymous_0)
FN:9,(anonymous_1)
FNF:2
FNH:1
FNDA:0,(anonymous_0)
FNDA:6,(anonymous_1)
DA:2,1
DA:3,1
DA:6,1
DA:7,0
DA:9,1
DA:10,6
LF:6
LH:5
BRF:0
BRH:0
end_of_record
TN:
SF:C:\Users\Milan\source\repos\react-crud-master\src\components\crudModal\crudModal.actions.ts
FN:8,closeModal
FN:16,openModal
FN:24,generateColNamePropertiesInRowData
FN:35,onRowDataChange
FNF:4
FNH:1
FNDA:0,closeModal
FNDA:0,openModal
FNDA:4,generateColNamePropertiesInRowData
FNDA:0,onRowDataChange
DA:2,1
DA:4,1
DA:6,1
DA:8,1
DA:9,0
DA:16,1
DA:17,0
DA:24,1
DA:26,4
DA:35,1
DA:36,0
LF:11
LH:8
BRF:0
BRH:0
end_of_record
TN:
SF:C:\Users\Milan\source\repos\react-crud-master\src\components\crudModal\crudModal.component.tsx
FN:22,(anonymous_7)
FN:23,CrudModalComponent
FN:28,(anonymous_9)
FN:31,(anonymous_10)
FN:35,(anonymous_11)
FN:39,(anonymous_12)
FN:52,(anonymous_13)
FN:64,(anonymous_14)
FN:91,(anonymous_15)
FN:93,(anonymous_16)
FN:94,(anonymous_17)
FN:98,(anonymous_18)
FNF:12
FNH:7
FNDA:1,(anonymous_7)
FNDA:4,CrudModalComponent
FNDA:4,(anonymous_9)
FNDA:0,(anonymous_10)
FNDA:0,(anonymous_11)
FNDA:8,(anonymous_12)
FNDA:20,(anonymous_13)
FNDA:0,(anonymous_14)
FNDA:4,(anonymous_15)
FNDA:0,(anonymous_16)
FNDA:0,(anonymous_17)
FNDA:8,(anonymous_18)
DA:1,1
DA:2,1
DA:8,1
DA:9,1
DA:11,1
DA:18,1
DA:19,1
DA:22,1
DA:24,4
DA:25,4
DA:28,4
DA:31,4
DA:32,0
DA:35,4
DA:36,0
DA:39,8
DA:40,8
DA:53,20
DA:64,0
DA:87,1
DA:91,1
DA:92,4
DA:93,0
DA:94,0
DA:98,1
DA:99,8
DA:106,1
LF:27
LH:22
BRDA:24,0,0,4
BRDA:24,0,1,4
BRF:2
BRH:2
end_of_record
TN:
SF:C:\Users\Milan\source\repos\react-crud-master\src\components\crudModal\crudModal.reducer.ts
FN:20,crudModalReducer
FN:41,(anonymous_4)
FNF:2
FNH:2
FNDA:31,crudModalReducer
FNDA:20,(anonymous_4)
DA:1,1
DA:2,1
DA:4,1
DA:5,1
DA:20,1
DA:21,37
DA:24,31
DA:25,27
DA:27,4
DA:30,0
DA:34,0
DA:38,4
DA:39,4
DA:41,4
DA:42,20
DA:44,4
DA:48,0
DA:50,0
DA:54,0
LF:19
LH:14
BRDA:21,0,0,6
BRDA:21,0,1,25
BRDA:24,1,0,27
BRDA:24,1,1,4
BRDA:29,2,0,0
BRDA:29,2,1,0
BRDA:29,2,2,4
BRDA:29,2,3,0
BRDA:29,2,4,0
BRF:9
BRH:5
end_of_record
TN:
SF:C:\Users\Milan\source\repos\react-crud-master\src\components\crudModal\crudModal.types.ts
FN:42,(anonymous_0)
FN:52,(anonymous_1)
FNF:2
FNH:2
FNDA:4,(anonymous_0)
FNDA:6,(anonymous_1)
DA:4,2
DA:42,2
DA:43,4
DA:52,2
DA:53,6
LF:5
LH:5
BRF:0
BRH:0
end_of_record
TN:
SF:C:\Users\Milan\source\repos\react-crud-master\src\components\reactCrudMaster\reactCrudMaster.actions.ts
FN:11,privateSetColModels
FN:15,(anonymous_15)
FN:30,getUsefullColModelWith
FN:36,(anonymous_17)
FN:37,(anonymous_18)
FN:37,(anonymous_19)
FN:43,setData
FN:52,resizeColumn
FN:60,setColumnToResize
FN:71,resetTableoffsetWidth
FN:80,changeOrderDirection
FN:88,selectRow
FN:96,setTableTitle
FNF:13
FNH:9
FNDA:6,privateSetColModels
FNDA:26,(anonymous_15)
FNDA:26,getUsefullColModelWith
FNDA:4,(anonymous_17)
FNDA:4,(anonymous_18)
FNDA:4,(anonymous_19)
FNDA:4,setData
FNDA:0,resizeColumn
FNDA:0,setColumnToResize
FNDA:4,resetTableoffsetWidth
FNDA:0,changeOrderDirection
FNDA:0,selectRow
FNDA:1,setTableTitle
DA:1,2
DA:3,1
DA:4,1
DA:7,1
DA:9,1
DA:11,1
DA:12,6
DA:14,6
DA:15,6
DA:16,26
DA:17,26
DA:20,6
DA:31,26
DA:32,26
DA:33,0
DA:36,1
DA:37,4
DA:38,4
DA:39,4
DA:43,1
DA:44,4
DA:45,4
DA:52,1
DA:53,0
DA:60,1
DA:61,0
DA:71,1
DA:72,4
DA:80,1
DA:81,0
DA:88,1
DA:89,0
DA:96,1
DA:97,1
LF:34
LH:29
BRDA:31,0,0,26
BRDA:31,0,1,0
BRDA:60,1,0,0
BRDA:60,1,1,0
BRDA:60,2,0,0
BRDA:60,2,1,0
BRF:6
BRH:1
end_of_record
TN:
SF:C:\Users\Milan\source\repos\react-crud-master\src\components\reactCrudMaster\reactCrudMaster.component.tsx
FN:23,(anonymous_8)
FN:24,ReactCrudMasterComponent
FN:29,(anonymous_10)
FN:38,(anonymous_11)
FN:42,(anonymous_12)
FN:47,(anonymous_13)
FN:51,(anonymous_14)
FN:55,(anonymous_15)
FN:59,(anonymous_16)
FN:67,(anonymous_17)
FN:73,(anonymous_18)
FN:79,(anonymous_19)
FN:110,(anonymous_20)
FN:112,(anonymous_21)
FN:113,(anonymous_22)
FN:114,(anonymous_23)
FN:115,(anonymous_24)
FN:116,(anonymous_25)
FN:117,(anonymous_26)
FN:121,(anonymous_27)
FNF:20
FNH:12
FNDA:1,(anonymous_8)
FNDA:4,ReactCrudMasterComponent
FNDA:4,(anonymous_10)
FNDA:0,(anonymous_11)
FNDA:0,(anonymous_12)
FNDA:4,(anonymous_13)
FNDA:4,(anonymous_14)
FNDA:0,(anonymous_15)
FNDA:0,(anonymous_16)
FNDA:0,(anonymous_17)
FNDA:0,(anonymous_18)
FNDA:5,(anonymous_19)
FNDA:4,(anonymous_20)
FNDA:4,(anonymous_21)
FNDA:4,(anonymous_22)
FNDA:0,(anonymous_23)
FNDA:0,(anonymous_24)
FNDA:4,(anonymous_25)
FNDA:1,(anonymous_26)
FNDA:8,(anonymous_27)
DA:1,1
DA:2,1
DA:6,1
DA:7,1
DA:9,1
DA:10,1
DA:11,1
DA:14,1
DA:15,1
DA:16,1
DA:17,1
DA:18,1
DA:19,1
DA:23,1
DA:25,4
DA:26,4
DA:29,4
DA:31,4
DA:32,4
DA:33,4
DA:35,4
DA:36,1
DA:38,4
DA:39,0
DA:42,4
DA:43,0
DA:47,4
DA:48,4
DA:51,4
DA:52,4
DA:55,4
DA:56,0
DA:59,4
DA:60,0
DA:61,0
DA:63,0
DA:64,0
DA:67,4
DA:68,0
DA:69,0
DA:73,4
DA:74,0
DA:75,0
DA:76,0
DA:79,1
DA:81,5
DA:108,1
DA:110,1
DA:111,4
DA:112,4
DA:113,4
DA:114,0
DA:115,0
DA:116,4
DA:117,1
DA:121,1
DA:122,8
DA:130,1
LF:58
LH:44
BRDA:25,0,0,4
BRDA:25,0,1,4
BRDA:35,1,0,1
BRDA:35,1,1,3
BRDA:60,2,0,0
BRDA:60,2,1,0
BRDA:68,3,0,0
BRDA:68,3,1,0
BRDA:115,4,0,0
BRDA:115,4,1,0
BRDA:115,5,0,0
BRDA:115,5,1,0
BRF:12
BRH:4
end_of_record
TN:
SF:C:\Users\Milan\source\repos\react-crud-master\src\components\reactCrudMaster\reactCrudMaster.css
FN:11,(anonymous_0)
FN:18,(anonymous_1)
FNF:2
FNH:0
FNDA:0,(anonymous_0)
FNDA:0,(anonymous_1)
DA:4,1
DA:6,1
DA:7,1
DA:10,1
DA:12,0
DA:13,0
DA:15,0
DA:19,0
DA:23,0
DA:26,0
LF:10
LH:4
BRDA:6,0,0,1
BRDA:6,0,1,0
BRDA:6,1,0,1
BRDA:6,1,1,1
BRDA:12,2,0,0
BRDA:12,2,1,0
BRF:6
BRH:3
end_of_record
TN:
SF:C:\Users\Milan\source\repos\react-crud-master\src\components\reactCrudMaster\reactCrudMaster.reducer.ts
FN:31,reactCrudMasterReducer
FN:62,(anonymous_4)
FN:72,(anonymous_5)
FN:100,(anonymous_6)
FNF:4
FNH:1
FNDA:31,reactCrudMasterReducer
FNDA:0,(anonymous_4)
FNDA:0,(anonymous_5)
FNDA:0,(anonymous_6)
DA:1,1
DA:14,1
DA:15,1
DA:16,1
DA:31,1
DA:32,37
DA:35,31
DA:36,18
DA:38,13
DA:40,4
DA:42,4
DA:50,4
DA:52,4
DA:59,0
DA:61,0
DA:62,0
DA:63,0
DA:64,0
DA:65,0
DA:68,0
DA:71,0
DA:72,0
DA:73,0
DA:75,0
DA:77,0
DA:80,0
DA:81,0
DA:83,0
DA:84,0
DA:85,0
DA:89,4
DA:90,4
DA:94,0
DA:95,0
DA:99,0
DA:100,0
DA:102,0
DA:104,0
DA:105,0
DA:106,0
DA:107,0
DA:108,0
DA:110,0
DA:113,0
DA:116,0
DA:120,1
DA:121,1
DA:124,0
LF:48
LH:17
BRDA:32,0,0,6
BRDA:32,0,1,25
BRDA:35,1,0,18
BRDA:35,1,1,13
BRDA:39,2,0,4
BRDA:39,2,1,4
BRDA:39,2,2,0
BRDA:39,2,3,0
BRDA:39,2,4,4
BRDA:39,2,5,0
BRDA:39,2,6,0
BRDA:39,2,7,1
BRDA:39,2,8,0
BRDA:63,3,0,0
BRDA:63,3,1,0
BRDA:64,4,0,0
BRDA:64,4,1,0
BRDA:83,5,0,0
BRDA:83,5,1,0
BRDA:102,6,0,0
BRDA:102,6,1,0
BRDA:104,7,0,0
BRDA:104,7,1,0
BRDA:106,8,0,0
BRDA:106,8,1,0
BRF:25
BRH:8
end_of_record
TN:
SF:C:\Users\Milan\source\repos\react-crud-master\src\components\reactCrudMaster\reactCrudMaster.types.ts
FN:92,(anonymous_0)
FN:115,(anonymous_1)
FNF:2
FNH:2
FNDA:4,(anonymous_0)
FNDA:6,(anonymous_1)
DA:7,1
DA:92,1
DA:93,4
DA:115,1
DA:116,6
LF:5
LH:5
BRF:0
BRH:0
end_of_record
TN:
SF:C:\Users\Milan\source\repos\react-crud-master\src\components\tableBody\tableBody.component.tsx
FN:14,(anonymous_7)
FN:15,TableBodyComponent
FN:20,(anonymous_9)
FN:24,(anonymous_10)
FN:30,(anonymous_11)
FN:36,(anonymous_12)
FN:49,(anonymous_13)
FN:51,(anonymous_14)
FN:62,(anonymous_15)
FN:69,(anonymous_16)
FN:70,(anonymous_17)
FN:73,(anonymous_18)
FN:89,(anonymous_19)
FN:91,(anonymous_20)
FN:95,(anonymous_21)
FNF:15
FNH:7
FNDA:1,(anonymous_7)
FNDA:4,TableBodyComponent
FNDA:0,(anonymous_9)
FNDA:0,(anonymous_10)
FNDA:0,(anonymous_11)
FNDA:0,(anonymous_12)
FNDA:8,(anonymous_13)
FNDA:0,(anonymous_14)
FNDA:60,(anonymous_15)
FNDA:0,(anonymous_16)
FNDA:0,(anonymous_17)
FNDA:300,(anonymous_18)
FNDA:4,(anonymous_19)
FNDA:0,(anonymous_20)
FNDA:8,(anonymous_21)
DA:1,1
DA:2,1
DA:5,1
DA:6,1
DA:8,1
DA:10,1
DA:11,1
DA:14,1
DA:16,4
DA:17,4
DA:20,4
DA:21,0
DA:24,4
DA:25,0
DA:26,0
DA:27,0
DA:30,4
DA:31,0
DA:32,0
DA:36,4
DA:37,0
DA:38,0
DA:40,0
DA:41,0
DA:42,0
DA:43,0
DA:44,0
DA:45,0
DA:49,8
DA:50,8
DA:51,0
DA:63,60
DA:69,0
DA:70,0
DA:74,300
DA:85,1
DA:89,1
DA:90,4
DA:91,0
DA:95,1
DA:96,8
DA:108,1
LF:42
LH:24
BRDA:16,0,0,4
BRDA:16,0,1,4
BRDA:31,1,0,0
BRDA:31,1,1,0
BRDA:41,2,0,0
BRDA:41,2,1,0
BRDA:67,3,0,0
BRDA:67,3,1,60
BRF:8
BRH:3
end_of_record
TN:
SF:C:\Users\Milan\source\repos\react-crud-master\src\components\tableBody\tableBody.types.ts
FN:22,(anonymous_0)
FN:31,(anonymous_1)
FNF:2
FNH:1
FNDA:4,(anonymous_0)
FNDA:0,(anonymous_1)
DA:4,1
DA:22,1
DA:23,4
DA:31,1
DA:32,0
LF:5
LH:4
BRF:0
BRH:0
end_of_record
TN:
SF:C:\Users\Milan\source\repos\react-crud-master\src\components\tableFooter\tableFooter.component.tsx
FN:27,(anonymous_9)
FN:28,TableFooterComponent
FN:34,(anonymous_11)
FN:48,(anonymous_12)
FN:102,(anonymous_13)
FN:154,(anonymous_14)
FN:156,(anonymous_15)
FN:160,(anonymous_16)
FNF:8
FNH:5
FNDA:1,(anonymous_9)
FNDA:4,TableFooterComponent
FNDA:4,(anonymous_11)
FNDA:0,(anonymous_12)
FNDA:0,(anonymous_13)
FNDA:4,(anonymous_14)
FNDA:0,(anonymous_15)
FNDA:8,(anonymous_16)
DA:1,1
DA:3,1
DA:19,1
DA:24,1
DA:25,1
DA:27,1
DA:29,4
DA:30,4
DA:34,4
DA:35,4
DA:37,4
DA:38,4
DA:48,0
DA:96,0
DA:102,0
DA:152,1
DA:154,1
DA:155,4
DA:156,0
DA:160,1
DA:161,8
DA:165,1
LF:22
LH:18
BRDA:29,0,0,4
BRDA:29,0,1,4
BRDA:37,1,0,4
BRDA:37,1,1,0
BRF:4
BRH:3
end_of_record
TN:
SF:C:\Users\Milan\source\repos\react-crud-master\src\components\tableHeader\tableHeader.component.tsx
FN:22,(anonymous_7)
FN:23,TableHeaderComponent
FN:28,(anonymous_9)
FN:92,(anonymous_10)
FN:32,(anonymous_11)
FN:34,(anonymous_12)
FN:45,(anonymous_13)
FN:53,(anonymous_14)
FN:58,(anonymous_15)
FN:68,(anonymous_16)
FN:69,(anonymous_17)
FN:84,(anonymous_18)
FN:99,(anonymous_19)
FN:101,(anonymous_20)
FN:102,(anonymous_21)
FN:103,(anonymous_22)
FN:104,(anonymous_23)
FN:105,(anonymous_24)
FN:106,(anonymous_25)
FN:110,(anonymous_26)
FNF:20
FNH:7
FNDA:1,(anonymous_7)
FNDA:4,TableHeaderComponent
FNDA:4,(anonymous_9)
FNDA:0,(anonymous_10)
FNDA:8,(anonymous_11)
FNDA:0,(anonymous_12)
FNDA:20,(anonymous_13)
FNDA:0,(anonymous_14)
FNDA:0,(anonymous_15)
FNDA:0,(anonymous_16)
FNDA:0,(anonymous_17)
FNDA:0,(anonymous_18)
FNDA:4,(anonymous_19)
FNDA:0,(anonymous_20)
FNDA:0,(anonymous_21)
FNDA:0,(anonymous_22)
FNDA:0,(anonymous_23)
FNDA:0,(anonymous_24)
FNDA:0,(anonymous_25)
FNDA:8,(anonymous_26)
DA:1,1
DA:2,1
DA:7,1
DA:8,1
DA:10,1
DA:16,1
DA:17,1
DA:18,1
DA:20,1
DA:22,1
DA:24,4
DA:25,4
DA:28,4
DA:32,8
DA:33,8
DA:36,0
DA:37,0
DA:38,0
DA:46,20
DA:53,0
DA:58,0
DA:68,0
DA:69,0
DA:84,1
DA:86,0
DA:87,0
DA:88,0
DA:89,0
DA:92,4
DA:93,0
DA:95,1
DA:99,1
DA:100,4
DA:101,0
DA:102,0
DA:103,0
DA:104,0
DA:105,0
DA:106,0
DA:110,1
DA:111,8
DA:121,1
LF:42
LH:24
BRDA:24,0,0,4
BRDA:24,0,1,4
BRDA:54,1,0,20
BRDA:54,1,1,0
BRDA:103,2,0,0
BRDA:103,2,1,0
BRDA:103,3,0,0
BRDA:103,3,1,0
BRF:8
BRH:3
end_of_record
TN:
SF:C:\Users\Milan\source\repos\react-crud-master\src\components\tableHeader\tableHeader.css
FN:11,(anonymous_0)
FN:18,(anonymous_1)
FNF:2
FNH:0
FNDA:0,(anonymous_0)
FNDA:0,(anonymous_1)
DA:4,1
DA:6,1
DA:7,1
DA:10,1
DA:12,0
DA:13,0
DA:15,0
DA:19,0
DA:23,0
DA:26,0
LF:10
LH:4
BRDA:6,0,0,1
BRDA:6,0,1,0
BRDA:6,1,0,1
BRDA:6,1,1,1
BRDA:12,2,0,0
BRDA:12,2,1,0
BRF:6
BRH:3
end_of_record
TN:
SF:C:\Users\Milan\source\repos\react-crud-master\src\components\tableHeader\tableHeader.types.ts
FN:22,(anonymous_0)
FN:31,(anonymous_1)
FNF:2
FNH:1
FNDA:4,(anonymous_0)
FNDA:0,(anonymous_1)
DA:4,1
DA:22,1
DA:23,4
DA:31,1
DA:32,0
LF:5
LH:4
BRF:0
BRH:0
end_of_record
TN:
SF:C:\Users\Milan\source\repos\react-crud-master\src\types\ColModel.ts
FN:1,(anonymous_0)
FN:5,ColModel
FN:58,(anonymous_2)
FN:60,(anonymous_3)
FN:68,(anonymous_4)
FN:34,(anonymous_5)
FN:37,(anonymous_6)
FN:44,(anonymous_7)
FN:47,(anonymous_8)
FNF:9
FNH:8
FNDA:1,(anonymous_0)
FNDA:17,ColModel
FNDA:9,(anonymous_2)
FNDA:6,(anonymous_3)
FNDA:23,(anonymous_4)
FNDA:0,(anonymous_5)
FNDA:11,(anonymous_6)
FNDA:382,(anonymous_7)
FNDA:11,(anonymous_8)
DA:1,1
DA:3,1
DA:5,17
DA:6,17
DA:7,1
DA:8,1
DA:9,1
DA:10,1
DA:11,1
DA:12,1
DA:14,1
DA:15,1
DA:18,17
DA:19,6
DA:22,11
DA:24,11
DA:25,9
DA:27,11
DA:28,1
DA:33,17
DA:34,1
DA:35,0
DA:38,11
DA:39,0
DA:40,11
DA:43,17
DA:44,1
DA:45,382
DA:48,11
DA:49,1
DA:50,11
DA:53,17
DA:54,17
DA:55,17
DA:56,17
DA:58,17
DA:59,9
DA:60,9
DA:61,6
DA:62,6
DA:63,6
DA:66,9
DA:68,17
DA:69,23
DA:71,23
DA:72,23
DA:74,1
LF:47
LH:45
BRDA:63,0,0,0
BRDA:63,0,1,6
BRDA:6,1,0,1
BRDA:6,1,1,16
BRDA:18,2,0,6
BRDA:18,2,1,11
BRDA:24,3,0,9
BRDA:24,3,1,2
BRDA:27,4,0,1
BRDA:27,4,1,10
BRDA:38,5,0,0
BRDA:38,5,1,11
BRDA:48,6,0,1
BRDA:48,6,1,10
BRF:14
BRH:12
end_of_record
